<?xml version="1.0" encoding="UTF-8"?>
<coverage generated="1301170508">
  <project timestamp="1301170508">
    <file name="/var/projects/phpvms/app/core/bootstrap.inc.php">
      <line num="22" type="stmt" count="0"/>
      <line num="23" type="stmt" count="0"/>
      <line num="24" type="stmt" count="0"/>
      <line num="27" type="stmt" count="0"/>
      <line num="28" type="stmt" count="0"/>
      <line num="29" type="stmt" count="0"/>
      <line num="30" type="stmt" count="0"/>
      <line num="33" type="stmt" count="0"/>
      <line num="34" type="stmt" count="0"/>
      <line num="35" type="stmt" count="0"/>
      <line num="44" type="stmt" count="0"/>
      <line num="45" type="stmt" count="0"/>
      <line num="46" type="stmt" count="0"/>
      <line num="47" type="stmt" count="0"/>
      <line num="48" type="stmt" count="0"/>
      <line num="49" type="stmt" count="0"/>
      <line num="50" type="stmt" count="0"/>
      <line num="51" type="stmt" count="0"/>
      <line num="53" type="stmt" count="0"/>
      <line num="54" type="stmt" count="0"/>
      <line num="55" type="stmt" count="0"/>
      <line num="56" type="stmt" count="0"/>
      <line num="57" type="stmt" count="0"/>
      <line num="58" type="stmt" count="0"/>
      <line num="59" type="stmt" count="0"/>
      <line num="62" type="stmt" count="0"/>
      <line num="63" type="stmt" count="0"/>
      <line num="64" type="stmt" count="0"/>
      <line num="65" type="stmt" count="0"/>
      <line num="66" type="stmt" count="0"/>
      <line num="69" type="stmt" count="0"/>
      <line num="70" type="stmt" count="0"/>
      <line num="73" type="stmt" count="0"/>
      <line num="74" type="stmt" count="0"/>
      <line num="76" type="stmt" count="0"/>
      <line num="78" type="stmt" count="0"/>
      <line num="81" type="stmt" count="0"/>
      <line num="91" type="stmt" count="0"/>
      <line num="92" type="stmt" count="0"/>
      <line num="103" type="stmt" count="0"/>
      <line num="105" type="stmt" count="0"/>
      <line num="106" type="stmt" count="0"/>
      <line num="109" type="stmt" count="0"/>
      <line num="113" type="stmt" count="0"/>
      <line num="114" type="stmt" count="0"/>
      <line num="117" type="stmt" count="0"/>
      <line num="119" type="stmt" count="0"/>
      <line num="124" type="stmt" count="0"/>
      <line num="130" type="stmt" count="0"/>
      <line num="134" type="stmt" count="0"/>
      <line num="136" type="stmt" count="0"/>
      <line num="138" type="stmt" count="0"/>
      <line num="143" type="stmt" count="0"/>
      <metrics loc="144" ncloc="105" classes="0" methods="0" coveredmethods="0" conditionals="0" coveredconditionals="0" statements="53" coveredstatements="0" elements="53" coveredelements="0"/>
    </file>
    <file name="/var/projects/phpvms/app/core/classes/CodonCache.class.php">
      <class name="CodonCache" namespace="global" fullPackage="codon_core" package="codon_core">
        <metrics methods="7" coveredmethods="3" conditionals="0" coveredconditionals="0" statements="76" coveredstatements="6" elements="83" coveredelements="9"/>
      </class>
      <line num="44" type="method" name="init" crap="20" count="0"/>
      <line num="48" type="stmt" count="0"/>
      <line num="49" type="stmt" count="0"/>
      <line num="50" type="stmt" count="0"/>
      <line num="51" type="stmt" count="0"/>
      <line num="52" type="stmt" count="0"/>
      <line num="53" type="stmt" count="0"/>
      <line num="62" type="stmt" count="0"/>
      <line num="63" type="stmt" count="0"/>
      <line num="66" type="stmt" count="0"/>
      <line num="67" type="stmt" count="0"/>
      <line num="70" type="stmt" count="0"/>
      <line num="71" type="stmt" count="0"/>
      <line num="75" type="stmt" count="0"/>
      <line num="76" type="stmt" count="0"/>
      <line num="77" type="stmt" count="0"/>
      <line num="79" type="stmt" count="0"/>
      <line num="80" type="stmt" count="0"/>
      <line num="81" type="stmt" count="0"/>
      <line num="83" type="stmt" count="0"/>
      <line num="85" type="stmt" count="0"/>
      <line num="86" type="stmt" count="0"/>
      <line num="87" type="stmt" count="0"/>
      <line num="88" type="stmt" count="0"/>
      <line num="89" type="stmt" count="0"/>
      <line num="91" type="method" name="setEnabled" crap="2" count="0"/>
      <line num="93" type="stmt" count="0"/>
      <line num="94" type="stmt" count="0"/>
      <line num="102" type="method" name="setStatus" crap="12" count="0"/>
      <line num="104" type="stmt" count="0"/>
      <line num="105" type="stmt" count="0"/>
      <line num="106" type="stmt" count="0"/>
      <line num="107" type="stmt" count="0"/>
      <line num="108" type="stmt" count="0"/>
      <line num="110" type="stmt" count="0"/>
      <line num="111" type="stmt" count="0"/>
      <line num="113" type="stmt" count="0"/>
      <line num="114" type="stmt" count="0"/>
      <line num="122" type="method" name="getStatus" crap="2" count="0"/>
      <line num="124" type="stmt" count="0"/>
      <line num="134" type="method" name="read" crap="50.88" count="4"/>
      <line num="136" type="stmt" count="4"/>
      <line num="137" type="stmt" count="4"/>
      <line num="140" type="stmt" count="0"/>
      <line num="141" type="stmt" count="0"/>
      <line num="143" type="stmt" count="0"/>
      <line num="144" type="stmt" count="0"/>
      <line num="147" type="stmt" count="0"/>
      <line num="150" type="stmt" count="0"/>
      <line num="151" type="stmt" count="0"/>
      <line num="155" type="stmt" count="0"/>
      <line num="157" type="stmt" count="0"/>
      <line num="164" type="stmt" count="0"/>
      <line num="165" type="stmt" count="0"/>
      <line num="166" type="stmt" count="0"/>
      <line num="169" type="stmt" count="0"/>
      <line num="172" type="stmt" count="0"/>
      <line num="185" type="method" name="write" crap="20.15" count="4"/>
      <line num="187" type="stmt" count="4"/>
      <line num="188" type="stmt" count="4"/>
      <line num="191" type="stmt" count="0"/>
      <line num="192" type="stmt" count="0"/>
      <line num="193" type="stmt" count="0"/>
      <line num="196" type="stmt" count="0"/>
      <line num="200" type="stmt" count="0"/>
      <line num="201" type="stmt" count="0"/>
      <line num="203" type="stmt" count="0"/>
      <line num="204" type="stmt" count="0"/>
      <line num="207" type="stmt" count="0"/>
      <line num="208" type="stmt" count="0"/>
      <line num="210" type="stmt" count="0"/>
      <line num="221" type="method" name="delete" crap="25.72" count="2"/>
      <line num="223" type="stmt" count="2"/>
      <line num="224" type="stmt" count="2"/>
      <line num="227" type="stmt" count="0"/>
      <line num="228" type="stmt" count="0"/>
      <line num="230" type="stmt" count="0"/>
      <line num="231" type="stmt" count="0"/>
      <line num="232" type="stmt" count="0"/>
      <line num="234" type="stmt" count="0"/>
      <line num="236" type="stmt" count="0"/>
      <line num="237" type="stmt" count="0"/>
      <line num="239" type="stmt" count="0"/>
      <metrics loc="240" ncloc="141" classes="1" methods="7" coveredmethods="3" conditionals="0" coveredconditionals="0" statements="76" coveredstatements="6" elements="83" coveredelements="9"/>
    </file>
    <file name="/var/projects/phpvms/app/core/classes/CodonData.class.php">
      <class name="CodonData" namespace="global">
        <metrics methods="4" coveredmethods="0" conditionals="0" coveredconditionals="0" statements="8" coveredstatements="0" elements="12" coveredelements="0"/>
      </class>
      <line num="45" type="method" name="__construct" crap="2" count="0"/>
      <line num="48" type="stmt" count="0"/>
      <line num="50" type="method" name="config" crap="2" count="0"/>
      <line num="52" type="stmt" count="0"/>
      <line num="55" type="method" name="log" crap="2" count="0"/>
      <line num="57" type="stmt" count="0"/>
      <line num="58" type="stmt" count="0"/>
      <line num="60" type="method" name="firephp" crap="2" count="0"/>
      <line num="62" type="stmt" count="0"/>
      <line num="64" type="stmt" count="0"/>
      <line num="65" type="stmt" count="0"/>
      <line num="66" type="stmt" count="0"/>
      <metrics loc="67" ncloc="27" classes="1" methods="4" coveredmethods="0" conditionals="0" coveredconditionals="0" statements="8" coveredstatements="0" elements="12" coveredelements="0"/>
    </file>
    <file name="/var/projects/phpvms/app/core/classes/CodonModule.class.php">
      <class name="CodonModule" namespace="global">
        <metrics methods="10" coveredmethods="0" conditionals="0" coveredconditionals="0" statements="28" coveredstatements="0" elements="38" coveredelements="0"/>
      </class>
      <line num="53" type="method" name="__construct" crap="2" count="0"/>
      <line num="56" type="stmt" count="0"/>
      <line num="63" type="method" name="init" crap="2" count="0"/>
      <line num="65" type="stmt" count="0"/>
      <line num="67" type="stmt" count="0"/>
      <line num="68" type="stmt" count="0"/>
      <line num="69" type="stmt" count="0"/>
      <line num="70" type="stmt" count="0"/>
      <line num="72" type="stmt" count="0"/>
      <line num="73" type="stmt" count="0"/>
      <line num="74" type="stmt" count="0"/>
      <line num="76" type="method" name="config" crap="2" count="0"/>
      <line num="78" type="stmt" count="0"/>
      <line num="81" type="method" name="get" crap="2" count="0"/>
      <line num="83" type="stmt" count="0"/>
      <line num="86" type="method" name="set" crap="2" count="0"/>
      <line num="88" type="stmt" count="0"/>
      <line num="89" type="stmt" count="0"/>
      <line num="91" type="method" name="show" crap="2" count="0"/>
      <line num="93" type="stmt" count="0"/>
      <line num="94" type="stmt" count="0"/>
      <line num="96" type="method" name="render" crap="2" count="0"/>
      <line num="98" type="stmt" count="0"/>
      <line num="99" type="stmt" count="0"/>
      <line num="101" type="method" name="log" crap="2" count="0"/>
      <line num="103" type="stmt" count="0"/>
      <line num="104" type="stmt" count="0"/>
      <line num="106" type="method" name="firephp" crap="2" count="0"/>
      <line num="108" type="stmt" count="0"/>
      <line num="110" type="stmt" count="0"/>
      <line num="111" type="stmt" count="0"/>
      <line num="112" type="stmt" count="0"/>
      <line num="115" type="method" name="callHook" crap="6" count="0"/>
      <line num="117" type="stmt" count="0"/>
      <line num="118" type="stmt" count="0"/>
      <line num="119" type="stmt" count="0"/>
      <line num="120" type="stmt" count="0"/>
      <line num="121" type="stmt" count="0"/>
      <metrics loc="121" ncloc="76" classes="1" methods="10" coveredmethods="0" conditionals="0" coveredconditionals="0" statements="28" coveredstatements="0" elements="38" coveredelements="0"/>
    </file>
    <file name="/var/projects/phpvms/app/core/classes/CodonRewrite.class.php">
      <class name="CodonRewrite" namespace="global" fullPackage="codon_core" package="codon_core">
        <metrics methods="1" coveredmethods="0" conditionals="0" coveredconditionals="0" statements="46" coveredstatements="0" elements="47" coveredelements="0"/>
      </class>
      <line num="60" type="method" name="ProcessRewrite" crap="72" count="0"/>
      <line num="62" type="stmt" count="0"/>
      <line num="65" type="stmt" count="0"/>
      <line num="67" type="stmt" count="0"/>
      <line num="68" type="stmt" count="0"/>
      <line num="69" type="stmt" count="0"/>
      <line num="70" type="stmt" count="0"/>
      <line num="72" type="stmt" count="0"/>
      <line num="74" type="stmt" count="0"/>
      <line num="75" type="stmt" count="0"/>
      <line num="76" type="stmt" count="0"/>
      <line num="78" type="stmt" count="0"/>
      <line num="79" type="stmt" count="0"/>
      <line num="87" type="stmt" count="0"/>
      <line num="88" type="stmt" count="0"/>
      <line num="89" type="stmt" count="0"/>
      <line num="92" type="stmt" count="0"/>
      <line num="93" type="stmt" count="0"/>
      <line num="95" type="stmt" count="0"/>
      <line num="96" type="stmt" count="0"/>
      <line num="97" type="stmt" count="0"/>
      <line num="99" type="stmt" count="0"/>
      <line num="100" type="stmt" count="0"/>
      <line num="102" type="stmt" count="0"/>
      <line num="103" type="stmt" count="0"/>
      <line num="106" type="stmt" count="0"/>
      <line num="108" type="stmt" count="0"/>
      <line num="109" type="stmt" count="0"/>
      <line num="110" type="stmt" count="0"/>
      <line num="111" type="stmt" count="0"/>
      <line num="112" type="stmt" count="0"/>
      <line num="113" type="stmt" count="0"/>
      <line num="115" type="stmt" count="0"/>
      <line num="116" type="stmt" count="0"/>
      <line num="117" type="stmt" count="0"/>
      <line num="118" type="stmt" count="0"/>
      <line num="121" type="stmt" count="0"/>
      <line num="126" type="stmt" count="0"/>
      <line num="127" type="stmt" count="0"/>
      <line num="128" type="stmt" count="0"/>
      <line num="134" type="stmt" count="0"/>
      <line num="135" type="stmt" count="0"/>
      <line num="138" type="stmt" count="0"/>
      <line num="139" type="stmt" count="0"/>
      <line num="140" type="stmt" count="0"/>
      <line num="142" type="stmt" count="0"/>
      <line num="143" type="stmt" count="0"/>
      <metrics loc="143" ncloc="64" classes="1" methods="1" coveredmethods="0" conditionals="0" coveredconditionals="0" statements="46" coveredstatements="0" elements="47" coveredelements="0"/>
    </file>
    <file name="/var/projects/phpvms/app/core/classes/Config.class.php">
      <class name="Config" namespace="global">
        <metrics methods="7" coveredmethods="2" conditionals="0" coveredconditionals="0" statements="50" coveredstatements="11" elements="57" coveredelements="13"/>
      </class>
      <line num="19" type="method" name="Add" crap="2" count="0"/>
      <line num="21" type="stmt" count="0"/>
      <line num="22" type="stmt" count="0"/>
      <line num="33" type="method" name="Set" crap="3.14" count="4"/>
      <line num="35" type="stmt" count="4"/>
      <line num="36" type="stmt" count="4"/>
      <line num="38" type="stmt" count="4"/>
      <line num="40" type="stmt" count="4"/>
      <line num="41" type="stmt" count="4"/>
      <line num="42" type="stmt" count="0"/>
      <line num="43" type="stmt" count="0"/>
      <line num="44" type="stmt" count="4"/>
      <line num="56" type="method" name="Append" crap="12" count="0"/>
      <line num="58" type="stmt" count="0"/>
      <line num="59" type="stmt" count="0"/>
      <line num="60" type="stmt" count="0"/>
      <line num="61" type="stmt" count="0"/>
      <line num="63" type="stmt" count="0"/>
      <line num="64" type="stmt" count="0"/>
      <line num="65" type="stmt" count="0"/>
      <line num="73" type="method" name="GetType" crap="30" count="0"/>
      <line num="75" type="stmt" count="0"/>
      <line num="76" type="stmt" count="0"/>
      <line num="77" type="stmt" count="0"/>
      <line num="78" type="stmt" count="0"/>
      <line num="79" type="stmt" count="0"/>
      <line num="80" type="stmt" count="0"/>
      <line num="81" type="stmt" count="0"/>
      <line num="82" type="stmt" count="0"/>
      <line num="84" type="stmt" count="0"/>
      <line num="87" type="method" name="Get" crap="8.12" count="11"/>
      <line num="89" type="stmt" count="11"/>
      <line num="90" type="stmt" count="11"/>
      <line num="91" type="stmt" count="0"/>
      <line num="92" type="stmt" count="0"/>
      <line num="93" type="stmt" count="0"/>
      <line num="94" type="stmt" count="0"/>
      <line num="95" type="stmt" count="0"/>
      <line num="97" type="stmt" count="11"/>
      <line num="98" type="stmt" count="11"/>
      <line num="100" type="stmt" count="8"/>
      <line num="103" type="method" name="Remove" crap="6" count="0"/>
      <line num="105" type="stmt" count="0"/>
      <line num="106" type="stmt" count="0"/>
      <line num="108" type="stmt" count="0"/>
      <line num="109" type="stmt" count="0"/>
      <line num="115" type="method" name="LoadSettings" crap="20" count="0"/>
      <line num="117" type="stmt" count="0"/>
      <line num="119" type="stmt" count="0"/>
      <line num="120" type="stmt" count="0"/>
      <line num="121" type="stmt" count="0"/>
      <line num="122" type="stmt" count="0"/>
      <line num="123" type="stmt" count="0"/>
      <line num="124" type="stmt" count="0"/>
      <line num="125" type="stmt" count="0"/>
      <line num="126" type="stmt" count="0"/>
      <line num="128" type="stmt" count="0"/>
      <metrics loc="129" ncloc="92" classes="1" methods="7" coveredmethods="2" conditionals="0" coveredconditionals="0" statements="50" coveredstatements="11" elements="57" coveredelements="13"/>
    </file>
    <file name="/var/projects/phpvms/app/core/classes/Debug.class.php">
      <class name="Debug" namespace="global">
        <metrics methods="1" coveredmethods="0" conditionals="0" coveredconditionals="0" statements="10" coveredstatements="0" elements="11" coveredelements="0"/>
      </class>
      <line num="47" type="stmt" count="0"/>
      <line num="48" type="stmt" count="0"/>
      <line num="49" type="stmt" count="0"/>
      <line num="51" type="stmt" count="0"/>
      <line num="52" type="stmt" count="0"/>
      <line num="53" type="stmt" count="0"/>
      <line num="54" type="stmt" count="0"/>
      <line num="56" type="stmt" count="0"/>
      <line num="57" type="stmt" count="0"/>
      <line num="58" type="stmt" count="0"/>
      <line num="60" type="stmt" count="0"/>
      <line num="61" type="stmt" count="0"/>
      <line num="63" type="stmt" count="0"/>
      <line num="64" type="stmt" count="0"/>
      <line num="65" type="stmt" count="0"/>
      <line num="83" type="method" name="db_error" crap="6" count="0"/>
      <line num="85" type="stmt" count="0"/>
      <line num="86" type="stmt" count="0"/>
      <line num="87" type="stmt" count="0"/>
      <line num="88" type="stmt" count="0"/>
      <line num="90" type="stmt" count="0"/>
      <line num="91" type="stmt" count="0"/>
      <line num="93" type="stmt" count="0"/>
      <line num="94" type="stmt" count="0"/>
      <line num="96" type="stmt" count="0"/>
      <line num="98" type="stmt" count="0"/>
      <line num="99" type="stmt" count="0"/>
      <line num="100" type="stmt" count="0"/>
      <line num="101" type="stmt" count="0"/>
      <line num="103" type="stmt" count="0"/>
      <line num="104" type="stmt" count="0"/>
      <line num="108" type="stmt" count="0"/>
      <line num="109" type="stmt" count="0"/>
      <line num="112" type="stmt" count="0"/>
      <line num="113" type="stmt" count="0"/>
      <line num="115" type="stmt" count="0"/>
      <line num="117" type="stmt" count="0"/>
      <line num="118" type="stmt" count="0"/>
      <line num="120" type="stmt" count="0"/>
      <line num="121" type="stmt" count="0"/>
      <line num="122" type="stmt" count="0"/>
      <line num="125" type="stmt" count="0"/>
      <line num="127" type="stmt" count="0"/>
      <line num="128" type="stmt" count="0"/>
      <line num="129" type="stmt" count="0"/>
      <line num="133" type="stmt" count="0"/>
      <line num="134" type="stmt" count="0"/>
      <line num="140" type="stmt" count="0"/>
      <line num="141" type="stmt" count="0"/>
      <line num="142" type="stmt" count="0"/>
      <line num="143" type="stmt" count="0"/>
      <line num="150" type="stmt" count="0"/>
      <line num="152" type="stmt" count="0"/>
      <line num="180" type="stmt" count="0"/>
      <line num="181" type="stmt" count="0"/>
      <line num="185" type="stmt" count="0"/>
      <line num="186" type="stmt" count="0"/>
      <line num="188" type="stmt" count="0"/>
      <line num="191" type="stmt" count="0"/>
      <line num="192" type="stmt" count="0"/>
      <line num="193" type="stmt" count="0"/>
      <line num="197" type="stmt" count="0"/>
      <line num="199" type="stmt" count="0"/>
      <line num="201" type="stmt" count="0"/>
      <line num="203" type="stmt" count="0"/>
      <line num="205" type="stmt" count="0"/>
      <line num="207" type="stmt" count="0"/>
      <line num="208" type="stmt" count="0"/>
      <line num="213" type="stmt" count="0"/>
      <line num="215" type="stmt" count="0"/>
      <line num="216" type="stmt" count="0"/>
      <line num="217" type="stmt" count="0"/>
      <line num="218" type="stmt" count="0"/>
      <line num="219" type="stmt" count="0"/>
      <line num="221" type="stmt" count="0"/>
      <line num="223" type="stmt" count="0"/>
      <line num="225" type="stmt" count="0"/>
      <line num="226" type="stmt" count="0"/>
      <line num="228" type="stmt" count="0"/>
      <line num="232" type="stmt" count="0"/>
      <line num="233" type="stmt" count="0"/>
      <line num="235" type="stmt" count="0"/>
      <line num="237" type="stmt" count="0"/>
      <line num="238" type="stmt" count="0"/>
      <line num="239" type="stmt" count="0"/>
      <line num="240" type="stmt" count="0"/>
      <line num="244" type="stmt" count="0"/>
      <line num="248" type="stmt" count="0"/>
      <line num="255" type="stmt" count="0"/>
      <line num="256" type="stmt" count="0"/>
      <line num="258" type="stmt" count="0"/>
      <line num="259" type="stmt" count="0"/>
      <line num="260" type="stmt" count="0"/>
      <line num="261" type="stmt" count="0"/>
      <line num="262" type="stmt" count="0"/>
      <line num="264" type="stmt" count="0"/>
      <line num="266" type="stmt" count="0"/>
      <line num="267" type="stmt" count="0"/>
      <line num="270" type="stmt" count="0"/>
      <line num="272" type="stmt" count="0"/>
      <line num="274" type="stmt" count="0"/>
      <line num="275" type="stmt" count="0"/>
      <line num="276" type="stmt" count="0"/>
      <line num="277" type="stmt" count="0"/>
      <line num="279" type="stmt" count="0"/>
      <line num="281" type="stmt" count="0"/>
      <line num="282" type="stmt" count="0"/>
      <line num="283" type="stmt" count="0"/>
      <line num="284" type="stmt" count="0"/>
      <line num="285" type="stmt" count="0"/>
      <line num="286" type="stmt" count="0"/>
      <line num="290" type="stmt" count="0"/>
      <line num="291" type="stmt" count="0"/>
      <line num="294" type="stmt" count="0"/>
      <line num="295" type="stmt" count="0"/>
      <line num="296" type="stmt" count="0"/>
      <line num="297" type="stmt" count="0"/>
      <line num="298" type="stmt" count="0"/>
      <metrics loc="298" ncloc="227" classes="1" methods="1" coveredmethods="0" conditionals="0" coveredconditionals="0" statements="117" coveredstatements="0" elements="118" coveredelements="0"/>
    </file>
    <file name="/var/projects/phpvms/app/core/classes/Lang.class.php">
      <class name="Lang" namespace="global" fullPackage="codon_core" package="codon_core">
        <metrics methods="3" coveredmethods="0" conditionals="0" coveredconditionals="0" statements="11" coveredstatements="0" elements="14" coveredelements="0"/>
      </class>
      <line num="45" type="method" name="set_language" crap="6" count="0"/>
      <line num="47" type="stmt" count="0"/>
      <line num="49" type="stmt" count="0"/>
      <line num="50" type="stmt" count="0"/>
      <line num="51" type="stmt" count="0"/>
      <line num="52" type="stmt" count="0"/>
      <line num="55" type="stmt" count="0"/>
      <line num="58" type="stmt" count="0"/>
      <line num="59" type="stmt" count="0"/>
      <line num="60" type="stmt" count="0"/>
      <line num="63" type="method" name="gs" crap="2" count="0"/>
      <line num="65" type="stmt" count="0"/>
      <line num="69" type="method" name="get" crap="2" count="0"/>
      <line num="71" type="stmt" count="0"/>
      <metrics loc="73" ncloc="34" classes="1" methods="3" coveredmethods="0" conditionals="0" coveredconditionals="0" statements="11" coveredstatements="0" elements="14" coveredelements="0"/>
    </file>
    <file name="/var/projects/phpvms/app/core/classes/MainController.class.php">
      <class name="MainController" namespace="global" fullPackage="codon_core" package="codon_core">
        <metrics methods="5" coveredmethods="0" conditionals="0" coveredconditionals="0" statements="75" coveredstatements="0" elements="80" coveredelements="0"/>
      </class>
      <line num="50" type="method" name="loadEngineTasks" crap="2" count="0"/>
      <line num="52" type="stmt" count="0"/>
      <line num="53" type="stmt" count="0"/>
      <line num="55" type="stmt" count="0"/>
      <line num="56" type="stmt" count="0"/>
      <line num="57" type="stmt" count="0"/>
      <line num="58" type="stmt" count="0"/>
      <line num="66" type="method" name="getModulesFromPath" crap="42" count="0"/>
      <line num="68" type="stmt" count="0"/>
      <line num="70" type="stmt" count="0"/>
      <line num="72" type="stmt" count="0"/>
      <line num="73" type="stmt" count="0"/>
      <line num="74" type="stmt" count="0"/>
      <line num="75" type="stmt" count="0"/>
      <line num="76" type="stmt" count="0"/>
      <line num="78" type="stmt" count="0"/>
      <line num="79" type="stmt" count="0"/>
      <line num="80" type="stmt" count="0"/>
      <line num="81" type="stmt" count="0"/>
      <line num="82" type="stmt" count="0"/>
      <line num="83" type="stmt" count="0"/>
      <line num="84" type="stmt" count="0"/>
      <line num="85" type="stmt" count="0"/>
      <line num="87" type="stmt" count="0"/>
      <line num="88" type="stmt" count="0"/>
      <line num="96" type="method" name="loadModules" crap="42" count="0"/>
      <line num="98" type="stmt" count="0"/>
      <line num="99" type="stmt" count="0"/>
      <line num="101" type="stmt" count="0"/>
      <line num="102" type="stmt" count="0"/>
      <line num="103" type="stmt" count="0"/>
      <line num="104" type="stmt" count="0"/>
      <line num="105" type="stmt" count="0"/>
      <line num="108" type="stmt" count="0"/>
      <line num="109" type="stmt" count="0"/>
      <line num="111" type="stmt" count="0"/>
      <line num="113" type="stmt" count="0"/>
      <line num="114" type="stmt" count="0"/>
      <line num="116" type="stmt" count="0"/>
      <line num="117" type="stmt" count="0"/>
      <line num="118" type="stmt" count="0"/>
      <line num="120" type="stmt" count="0"/>
      <line num="121" type="stmt" count="0"/>
      <line num="122" type="stmt" count="0"/>
      <line num="123" type="stmt" count="0"/>
      <line num="125" type="stmt" count="0"/>
      <line num="126" type="stmt" count="0"/>
      <line num="128" type="stmt" count="0"/>
      <line num="129" type="stmt" count="0"/>
      <line num="132" type="stmt" count="0"/>
      <line num="136" type="stmt" count="0"/>
      <line num="137" type="stmt" count="0"/>
      <line num="138" type="stmt" count="0"/>
      <line num="140" type="stmt" count="0"/>
      <line num="141" type="stmt" count="0"/>
      <line num="143" type="stmt" count="0"/>
      <line num="145" type="stmt" count="0"/>
      <line num="146" type="stmt" count="0"/>
      <line num="147" type="stmt" count="0"/>
      <line num="150" type="stmt" count="0"/>
      <line num="151" type="stmt" count="0"/>
      <line num="152" type="stmt" count="0"/>
      <line num="154" type="stmt" count="0"/>
      <line num="155" type="stmt" count="0"/>
      <line num="157" type="stmt" count="0"/>
      <line num="158" type="stmt" count="0"/>
      <line num="164" type="method" name="getInstance" crap="6" count="0"/>
      <line num="166" type="stmt" count="0"/>
      <line num="167" type="stmt" count="0"/>
      <line num="170" type="stmt" count="0"/>
      <line num="171" type="stmt" count="0"/>
      <line num="172" type="stmt" count="0"/>
      <line num="175" type="stmt" count="0"/>
      <line num="190" type="method" name="RunAllActions" crap="6" count="0"/>
      <line num="193" type="stmt" count="0"/>
      <line num="194" type="stmt" count="0"/>
      <line num="197" type="stmt" count="0"/>
      <line num="198" type="stmt" count="0"/>
      <line num="199" type="stmt" count="0"/>
      <line num="200" type="stmt" count="0"/>
      <line num="204" type="stmt" count="0"/>
      <line num="205" type="stmt" count="0"/>
      <line num="206" type="stmt" count="0"/>
      <line num="207" type="stmt" count="0"/>
      <line num="208" type="stmt" count="0"/>
      <line num="211" type="stmt" count="0"/>
      <line num="218" type="stmt" count="0"/>
      <line num="222" type="stmt" count="0"/>
      <line num="223" type="stmt" count="0"/>
      <line num="224" type="stmt" count="0"/>
      <line num="225" type="stmt" count="0"/>
      <line num="226" type="stmt" count="0"/>
      <line num="228" type="stmt" count="0"/>
      <line num="242" type="stmt" count="0"/>
      <line num="243" type="stmt" count="0"/>
      <line num="246" type="stmt" count="0"/>
      <line num="247" type="stmt" count="0"/>
      <line num="248" type="stmt" count="0"/>
      <line num="253" type="stmt" count="0"/>
      <line num="254" type="stmt" count="0"/>
      <line num="255" type="stmt" count="0"/>
      <line num="256" type="stmt" count="0"/>
      <line num="257" type="stmt" count="0"/>
      <line num="259" type="stmt" count="0"/>
      <line num="260" type="stmt" count="0"/>
      <line num="261" type="stmt" count="0"/>
      <line num="263" type="stmt" count="0"/>
      <line num="268" type="stmt" count="0"/>
      <line num="280" type="stmt" count="0"/>
      <line num="281" type="stmt" count="0"/>
      <line num="292" type="stmt" count="0"/>
      <line num="293" type="stmt" count="0"/>
      <line num="295" type="stmt" count="0"/>
      <line num="305" type="stmt" count="0"/>
      <metrics loc="306" ncloc="186" classes="1" methods="5" coveredmethods="0" conditionals="0" coveredconditionals="0" statements="109" coveredstatements="0" elements="114" coveredelements="0"/>
    </file>
    <file name="/var/projects/phpvms/app/core/classes/SessionManager.class.php">
      <class name="SessionManager" namespace="global" fullPackage="codon_core" package="codon_core">
        <metrics methods="7" coveredmethods="0" conditionals="0" coveredconditionals="0" statements="18" coveredstatements="0" elements="25" coveredelements="0"/>
      </class>
      <line num="49" type="method" name="RegisterData" crap="6" count="0"/>
      <line num="51" type="stmt" count="0"/>
      <line num="53" type="stmt" count="0"/>
      <line num="54" type="stmt" count="0"/>
      <line num="55" type="stmt" count="0"/>
      <line num="57" type="method" name="Set" crap="2" count="0"/>
      <line num="59" type="stmt" count="0"/>
      <line num="60" type="stmt" count="0"/>
      <line num="62" type="method" name="AddData" crap="2" count="0"/>
      <line num="64" type="stmt" count="0"/>
      <line num="65" type="stmt" count="0"/>
      <line num="68" type="method" name="Get" crap="2" count="0"/>
      <line num="70" type="stmt" count="0"/>
      <line num="73" type="method" name="GetData" crap="6" count="0"/>
      <line num="75" type="stmt" count="0"/>
      <line num="76" type="stmt" count="0"/>
      <line num="78" type="stmt" count="0"/>
      <line num="81" type="method" name="GetValue" crap="6" count="0"/>
      <line num="83" type="stmt" count="0"/>
      <line num="85" type="stmt" count="0"/>
      <line num="86" type="stmt" count="0"/>
      <line num="88" type="stmt" count="0"/>
      <line num="91" type="method" name="Logout" crap="2" count="0"/>
      <line num="93" type="stmt" count="0"/>
      <line num="94" type="stmt" count="0"/>
      <metrics loc="95" ncloc="53" classes="1" methods="7" coveredmethods="0" conditionals="0" coveredconditionals="0" statements="18" coveredstatements="0" elements="25" coveredelements="0"/>
    </file>
    <file name="/var/projects/phpvms/app/core/classes/Template.class.php">
      <class name="Template" namespace="global" fullPackage="codon_core" package="codon_core">
        <metrics methods="11" coveredmethods="0" conditionals="0" coveredconditionals="0" statements="16" coveredstatements="0" elements="27" coveredelements="0"/>
      </class>
      <line num="48" type="method" name="SetTemplatePath" crap="2" count="0"/>
      <line num="50" type="stmt" count="0"/>
      <line num="51" type="stmt" count="0"/>
      <line num="52" type="stmt" count="0"/>
      <line num="54" type="method" name="setTemplateExt" crap="2" count="0"/>
      <line num="56" type="stmt" count="0"/>
      <line num="57" type="stmt" count="0"/>
      <line num="59" type="method" name="EnableCaching" crap="2" count="0"/>
      <line num="61" type="stmt" count="0"/>
      <line num="62" type="stmt" count="0"/>
      <line num="64" type="method" name="ClearVars" crap="2" count="0"/>
      <line num="66" type="stmt" count="0"/>
      <line num="67" type="stmt" count="0"/>
      <line num="69" type="method" name="showVars" crap="2" count="0"/>
      <line num="71" type="stmt" count="0"/>
      <line num="74" type="method" name="set" crap="2" count="0"/>
      <line num="76" type="stmt" count="0"/>
      <line num="79" type="method" name="show" crap="2" count="0"/>
      <line num="81" type="stmt" count="0"/>
      <line num="84" type="method" name="get" crap="2" count="0"/>
      <line num="86" type="stmt" count="0"/>
      <line num="89" type="method" name="showTemplate" crap="2" count="0"/>
      <line num="91" type="stmt" count="0"/>
      <line num="94" type="method" name="getTemplate" crap="2" count="0"/>
      <line num="96" type="stmt" count="0"/>
      <line num="99" type="method" name="showModule" crap="2" count="0"/>
      <line num="101" type="stmt" count="0"/>
      <metrics loc="102" ncloc="63" classes="1" methods="11" coveredmethods="0" conditionals="0" coveredconditionals="0" statements="16" coveredstatements="0" elements="27" coveredelements="0"/>
    </file>
    <file name="/var/projects/phpvms/app/core/classes/TemplateSet.class.php">
      <class name="TemplateSet" namespace="global" fullPackage="codon_core" package="codon_core">
        <metrics methods="10" coveredmethods="0" conditionals="0" coveredconditionals="0" statements="87" coveredstatements="0" elements="97" coveredelements="0"/>
      </class>
      <line num="60" type="method" name="setTemplatePath" crap="6" count="0"/>
      <line num="63" type="stmt" count="0"/>
      <line num="64" type="stmt" count="0"/>
      <line num="65" type="stmt" count="0"/>
      <line num="67" type="stmt" count="0"/>
      <line num="68" type="stmt" count="0"/>
      <line num="70" type="method" name="enableCaching" crap="2" count="0"/>
      <line num="72" type="stmt" count="0"/>
      <line num="73" type="stmt" count="0"/>
      <line num="78" type="method" name="clearVars" crap="2" count="0"/>
      <line num="80" type="stmt" count="0"/>
      <line num="81" type="stmt" count="0"/>
      <line num="90" type="method" name="set" crap="20" count="0"/>
      <line num="94" type="stmt" count="0"/>
      <line num="95" type="stmt" count="0"/>
      <line num="96" type="stmt" count="0"/>
      <line num="97" type="stmt" count="0"/>
      <line num="98" type="stmt" count="0"/>
      <line num="99" type="stmt" count="0"/>
      <line num="100" type="stmt" count="0"/>
      <line num="102" type="stmt" count="0"/>
      <line num="103" type="stmt" count="0"/>
      <line num="111" type="method" name="show" crap="2" count="0"/>
      <line num="113" type="stmt" count="0"/>
      <line num="116" type="method" name="showVars" crap="2" count="0"/>
      <line num="118" type="stmt" count="0"/>
      <line num="120" type="stmt" count="0"/>
      <line num="121" type="stmt" count="0"/>
      <line num="122" type="stmt" count="0"/>
      <line num="123" type="stmt" count="0"/>
      <line num="137" type="method" name="showTemplate" crap="20" count="0"/>
      <line num="139" type="stmt" count="0"/>
      <line num="140" type="stmt" count="0"/>
      <line num="141" type="stmt" count="0"/>
      <line num="144" type="stmt" count="0"/>
      <line num="145" type="stmt" count="0"/>
      <line num="146" type="stmt" count="0"/>
      <line num="148" type="stmt" count="0"/>
      <line num="150" type="stmt" count="0"/>
      <line num="153" type="stmt" count="0"/>
      <line num="154" type="stmt" count="0"/>
      <line num="155" type="stmt" count="0"/>
      <line num="156" type="stmt" count="0"/>
      <line num="157" type="stmt" count="0"/>
      <line num="158" type="stmt" count="0"/>
      <line num="159" type="stmt" count="0"/>
      <line num="162" type="stmt" count="0"/>
      <line num="164" type="stmt" count="0"/>
      <line num="167" type="stmt" count="0"/>
      <line num="169" type="stmt" count="0"/>
      <line num="181" type="method" name="get" crap="2" count="0"/>
      <line num="183" type="stmt" count="0"/>
      <line num="198" type="method" name="getTemplate" crap="210" count="0"/>
      <line num="202" type="stmt" count="0"/>
      <line num="203" type="stmt" count="0"/>
      <line num="204" type="stmt" count="0"/>
      <line num="205" type="stmt" count="0"/>
      <line num="207" type="stmt" count="0"/>
      <line num="208" type="stmt" count="0"/>
      <line num="209" type="stmt" count="0"/>
      <line num="210" type="stmt" count="0"/>
      <line num="212" type="stmt" count="0"/>
      <line num="213" type="stmt" count="0"/>
      <line num="214" type="stmt" count="0"/>
      <line num="215" type="stmt" count="0"/>
      <line num="216" type="stmt" count="0"/>
      <line num="217" type="stmt" count="0"/>
      <line num="220" type="stmt" count="0"/>
      <line num="222" type="stmt" count="0"/>
      <line num="223" type="stmt" count="0"/>
      <line num="225" type="stmt" count="0"/>
      <line num="226" type="stmt" count="0"/>
      <line num="227" type="stmt" count="0"/>
      <line num="228" type="stmt" count="0"/>
      <line num="229" type="stmt" count="0"/>
      <line num="230" type="stmt" count="0"/>
      <line num="233" type="stmt" count="0"/>
      <line num="235" type="stmt" count="0"/>
      <line num="238" type="stmt" count="0"/>
      <line num="242" type="stmt" count="0"/>
      <line num="243" type="stmt" count="0"/>
      <line num="244" type="stmt" count="0"/>
      <line num="246" type="stmt" count="0"/>
      <line num="247" type="stmt" count="0"/>
      <line num="248" type="stmt" count="0"/>
      <line num="249" type="stmt" count="0"/>
      <line num="252" type="stmt" count="0"/>
      <line num="254" type="stmt" count="0"/>
      <line num="255" type="stmt" count="0"/>
      <line num="256" type="stmt" count="0"/>
      <line num="257" type="stmt" count="0"/>
      <line num="260" type="stmt" count="0"/>
      <line num="261" type="stmt" count="0"/>
      <line num="263" type="stmt" count="0"/>
      <line num="264" type="stmt" count="0"/>
      <line num="277" type="method" name="showModule" crap="2" count="0"/>
      <line num="279" type="stmt" count="0"/>
      <metrics loc="280" ncloc="159" classes="1" methods="10" coveredmethods="0" conditionals="0" coveredconditionals="0" statements="87" coveredstatements="0" elements="97" coveredelements="0"/>
    </file>
    <file name="/var/projects/phpvms/app/core/classes/Util.class.php">
      <class name="Util" namespace="global" fullPackage="codon" package="codon">
        <metrics methods="6" coveredmethods="1" conditionals="0" coveredconditionals="0" statements="95" coveredstatements="18" elements="101" coveredelements="19"/>
      </class>
      <line num="41" type="stmt" count="1"/>
      <line num="55" type="method" name="downloadFile" crap="2" count="0"/>
      <line num="58" type="stmt" count="0"/>
      <line num="59" type="stmt" count="0"/>
      <line num="60" type="stmt" count="0"/>
      <line num="62" type="stmt" count="0"/>
      <line num="63" type="stmt" count="0"/>
      <line num="66" type="method" name="get_coordinates" crap="12" count="0"/>
      <line num="69" type="stmt" count="0"/>
      <line num="71" type="stmt" count="0"/>
      <line num="72" type="stmt" count="0"/>
      <line num="73" type="stmt" count="0"/>
      <line num="75" type="stmt" count="0"/>
      <line num="76" type="stmt" count="0"/>
      <line num="77" type="stmt" count="0"/>
      <line num="79" type="stmt" count="0"/>
      <line num="80" type="stmt" count="0"/>
      <line num="82" type="stmt" count="0"/>
      <line num="83" type="stmt" count="0"/>
      <line num="85" type="stmt" count="0"/>
      <line num="86" type="stmt" count="0"/>
      <line num="90" type="stmt" count="0"/>
      <line num="92" type="stmt" count="0"/>
      <line num="94" type="stmt" count="0"/>
      <line num="100" type="method" name="GetDaysCompact" crap="6" count="0"/>
      <line num="103" type="stmt" count="0"/>
      <line num="105" type="stmt" count="0"/>
      <line num="106" type="stmt" count="0"/>
      <line num="107" type="stmt" count="0"/>
      <line num="109" type="stmt" count="0"/>
      <line num="115" type="method" name="GetDaysLong" crap="6" count="0"/>
      <line num="117" type="stmt" count="0"/>
      <line num="118" type="stmt" count="0"/>
      <line num="119" type="stmt" count="0"/>
      <line num="120" type="stmt" count="0"/>
      <line num="122" type="stmt" count="0"/>
      <line num="132" type="method" name="AddTime" crap="5.55" count="2"/>
      <line num="135" type="stmt" count="2"/>
      <line num="136" type="stmt" count="2"/>
      <line num="140" type="stmt" count="2"/>
      <line num="141" type="stmt" count="2"/>
      <line num="143" type="stmt" count="2"/>
      <line num="144" type="stmt" count="2"/>
      <line num="148" type="stmt" count="2"/>
      <line num="149" type="stmt" count="2"/>
      <line num="153" type="stmt" count="2"/>
      <line num="154" type="stmt" count="0"/>
      <line num="155" type="stmt" count="0"/>
      <line num="157" type="stmt" count="2"/>
      <line num="158" type="stmt" count="0"/>
      <line num="159" type="stmt" count="0"/>
      <line num="163" type="stmt" count="2"/>
      <line num="164" type="stmt" count="2"/>
      <line num="168" type="stmt" count="2"/>
      <line num="169" type="stmt" count="0"/>
      <line num="170" type="stmt" count="0"/>
      <line num="171" type="stmt" count="0"/>
      <line num="176" type="stmt" count="2"/>
      <line num="177" type="stmt" count="2"/>
      <line num="179" type="stmt" count="2"/>
      <line num="180" type="stmt" count="2"/>
      <line num="185" type="stmt" count="2"/>
      <line num="201" type="method" name="SendEmail" crap="72" count="0"/>
      <line num="203" type="stmt" count="0"/>
      <line num="205" type="stmt" count="0"/>
      <line num="206" type="stmt" count="0"/>
      <line num="208" type="stmt" count="0"/>
      <line num="209" type="stmt" count="0"/>
      <line num="211" type="stmt" count="0"/>
      <line num="212" type="stmt" count="0"/>
      <line num="213" type="stmt" count="0"/>
      <line num="214" type="stmt" count="0"/>
      <line num="216" type="stmt" count="0"/>
      <line num="218" type="stmt" count="0"/>
      <line num="220" type="stmt" count="0"/>
      <line num="221" type="stmt" count="0"/>
      <line num="222" type="stmt" count="0"/>
      <line num="223" type="stmt" count="0"/>
      <line num="225" type="stmt" count="0"/>
      <line num="226" type="stmt" count="0"/>
      <line num="227" type="stmt" count="0"/>
      <line num="228" type="stmt" count="0"/>
      <line num="230" type="stmt" count="0"/>
      <line num="231" type="stmt" count="0"/>
      <line num="234" type="stmt" count="0"/>
      <line num="236" type="stmt" count="0"/>
      <line num="237" type="stmt" count="0"/>
      <line num="238" type="stmt" count="0"/>
      <line num="240" type="stmt" count="0"/>
      <line num="242" type="stmt" count="0"/>
      <line num="244" type="stmt" count="0"/>
      <line num="245" type="stmt" count="0"/>
      <line num="247" type="stmt" count="0"/>
      <line num="248" type="stmt" count="0"/>
      <line num="249" type="stmt" count="0"/>
      <line num="250" type="stmt" count="0"/>
      <line num="251" type="stmt" count="0"/>
      <line num="252" type="stmt" count="0"/>
      <line num="253" type="stmt" count="0"/>
      <line num="255" type="stmt" count="0"/>
      <line num="256" type="stmt" count="0"/>
      <line num="258" type="stmt" count="0"/>
      <line num="260" type="stmt" count="0"/>
      <line num="262" type="stmt" count="0"/>
      <line num="263" type="stmt" count="0"/>
      <line num="264" type="stmt" count="0"/>
      <line num="265" type="stmt" count="0"/>
      <line num="267" type="stmt" count="0"/>
      <line num="268" type="stmt" count="0"/>
      <line num="269" type="stmt" count="0"/>
      <line num="270" type="stmt" count="1"/>
      <metrics loc="269" ncloc="162" classes="1" methods="6" coveredmethods="1" conditionals="0" coveredconditionals="0" statements="105" coveredstatements="20" elements="111" coveredelements="21"/>
    </file>
    <file name="/var/projects/phpvms/app/core/classes/Vars.class.php">
      <class name="Vars" namespace="global" fullPackage="codon_core" package="codon_core">
        <metrics methods="10" coveredmethods="0" conditionals="0" coveredconditionals="0" statements="32" coveredstatements="0" elements="42" coveredelements="0"/>
      </class>
      <line num="57" type="method" name="setParameters" crap="20" count="0"/>
      <line num="59" type="stmt" count="0"/>
      <line num="60" type="stmt" count="0"/>
      <line num="62" type="stmt" count="0"/>
      <line num="64" type="stmt" count="0"/>
      <line num="65" type="stmt" count="0"/>
      <line num="67" type="stmt" count="0"/>
      <line num="69" type="stmt" count="0"/>
      <line num="70" type="stmt" count="0"/>
      <line num="72" type="stmt" count="0"/>
      <line num="74" type="stmt" count="0"/>
      <line num="75" type="stmt" count="0"/>
      <line num="77" type="stmt" count="0"/>
      <line num="79" type="method" name="cleaned" crap="2" count="0"/>
      <line num="81" type="stmt" count="0"/>
      <line num="90" type="method" name="Filter" crap="2" count="0"/>
      <line num="91" type="stmt" count="0"/>
      <line num="92" type="stmt" count="0"/>
      <line num="95" type="method" name="Request" crap="2" count="0"/>
      <line num="97" type="stmt" count="0"/>
      <line num="100" type="method" name="POST" crap="6" count="0"/>
      <line num="102" type="stmt" count="0"/>
      <line num="103" type="stmt" count="0"/>
      <line num="104" type="stmt" count="0"/>
      <line num="107" type="stmt" count="0"/>
      <line num="110" type="method" name="iPOST" crap="2" count="0"/>
      <line num="112" type="stmt" count="0"/>
      <line num="115" type="method" name="GET" crap="12" count="0"/>
      <line num="117" type="stmt" count="0"/>
      <line num="118" type="stmt" count="0"/>
      <line num="119" type="stmt" count="0"/>
      <line num="122" type="stmt" count="0"/>
      <line num="125" type="method" name="iGET" crap="2" count="0"/>
      <line num="127" type="stmt" count="0"/>
      <line num="130" type="method" name="POST_COUNT" crap="6" count="0"/>
      <line num="132" type="stmt" count="0"/>
      <line num="133" type="stmt" count="0"/>
      <line num="135" type="stmt" count="0"/>
      <line num="138" type="method" name="GET_COUNT" crap="6" count="0"/>
      <line num="140" type="stmt" count="0"/>
      <line num="141" type="stmt" count="0"/>
      <line num="143" type="stmt" count="0"/>
      <metrics loc="144" ncloc="96" classes="1" methods="10" coveredmethods="0" conditionals="0" coveredconditionals="0" statements="32" coveredstatements="0" elements="42" coveredelements="0"/>
    </file>
    <file name="/var/projects/phpvms/app/core/classes/autoload.php">
      <line num="0" type="stmt" count="3"/>
      <line num="45" type="stmt" count="3"/>
      <line num="46" type="stmt" count="3"/>
      <line num="47" type="stmt" count="1"/>
      <line num="48" type="stmt" count="1"/>
      <line num="52" type="stmt" count="3"/>
      <line num="53" type="stmt" count="3"/>
      <line num="54" type="stmt" count="0"/>
      <line num="55" type="stmt" count="0"/>
      <line num="59" type="stmt" count="3"/>
      <line num="60" type="stmt" count="3"/>
      <line num="61" type="stmt" count="3"/>
      <line num="62" type="stmt" count="3"/>
      <line num="65" type="stmt" count="0"/>
      <line num="66" type="stmt" count="0"/>
      <line num="67" type="stmt" count="0"/>
      <line num="68" type="stmt" count="0"/>
      <line num="69" type="stmt" count="0"/>
      <metrics loc="68" ncloc="23" classes="0" methods="0" coveredmethods="0" conditionals="0" coveredconditionals="0" statements="18" coveredstatements="11" elements="18" coveredelements="11"/>
    </file>
    <file name="/var/projects/phpvms/app/core/classes/ezdb/ezdb.class.php">
      <class name="DB" namespace="global">
        <metrics methods="45" coveredmethods="8" conditionals="0" coveredconditionals="0" statements="140" coveredstatements="34" elements="185" coveredelements="42"/>
      </class>
      <line num="63" type="method" name="__contruct" crap="2" count="0"/>
      <line num="65" type="stmt" count="0"/>
      <line num="68" type="method" name="__destruct" crap="2" count="0"/>
      <line num="70" type="stmt" count="0"/>
      <line num="71" type="stmt" count="0"/>
      <line num="78" type="method" name="get_instance" crap="2" count="0"/>
      <line num="80" type="stmt" count="0"/>
      <line num="89" type="method" name="init" crap="6" count="0"/>
      <line num="91" type="stmt" count="0"/>
      <line num="92" type="stmt" count="0"/>
      <line num="94" type="stmt" count="0"/>
      <line num="95" type="stmt" count="0"/>
      <line num="96" type="stmt" count="0"/>
      <line num="97" type="stmt" count="0"/>
      <line num="99" type="stmt" count="0"/>
      <line num="102" type="stmt" count="0"/>
      <line num="105" type="method" name="set_log_errors" crap="2" count="0"/>
      <line num="107" type="stmt" count="0"/>
      <line num="108" type="stmt" count="0"/>
      <line num="110" type="method" name="set_throw_exceptions" crap="2" count="0"/>
      <line num="112" type="stmt" count="0"/>
      <line num="113" type="stmt" count="0"/>
      <line num="124" type="method" name="set_error_handler" crap="2" count="0"/>
      <line num="126" type="stmt" count="0"/>
      <line num="127" type="stmt" count="0"/>
      <line num="135" type="method" name="set_caching" crap="2" count="0"/>
      <line num="137" type="stmt" count="0"/>
      <line num="138" type="stmt" count="0"/>
      <line num="147" type="method" name="cache_type" crap="2" count="0"/>
      <line num="149" type="stmt" count="0"/>
      <line num="150" type="stmt" count="0"/>
      <line num="159" type="method" name="set_cache_dir" crap="2" count="0"/>
      <line num="161" type="stmt" count="0"/>
      <line num="162" type="stmt" count="0"/>
      <line num="167" type="method" name="setCacheDir" crap="2" count="0"/>
      <line num="169" type="stmt" count="0"/>
      <line num="170" type="stmt" count="0"/>
      <line num="172" type="method" name="enableCache" crap="2" count="0"/>
      <line num="174" type="stmt" count="0"/>
      <line num="175" type="stmt" count="0"/>
      <line num="177" type="method" name="disableCache" crap="2" count="0"/>
      <line num="179" type="stmt" count="0"/>
      <line num="180" type="stmt" count="0"/>
      <line num="193" type="method" name="connect" crap="12" count="0"/>
      <line num="195" type="stmt" count="0"/>
      <line num="196" type="stmt" count="0"/>
      <line num="197" type="stmt" count="0"/>
      <line num="198" type="stmt" count="0"/>
      <line num="200" type="stmt" count="0"/>
      <line num="203" type="stmt" count="0"/>
      <line num="204" type="stmt" count="0"/>
      <line num="205" type="stmt" count="0"/>
      <line num="206" type="stmt" count="0"/>
      <line num="208" type="stmt" count="0"/>
      <line num="211" type="stmt" count="0"/>
      <line num="212" type="stmt" count="0"/>
      <line num="213" type="stmt" count="0"/>
      <line num="214" type="stmt" count="0"/>
      <line num="216" type="stmt" count="0"/>
      <line num="217" type="stmt" count="0"/>
      <line num="218" type="stmt" count="0"/>
      <line num="219" type="stmt" count="0"/>
      <line num="221" type="stmt" count="0"/>
      <line num="222" type="stmt" count="0"/>
      <line num="223" type="stmt" count="0"/>
      <line num="226" type="method" name="num_queries" crap="2" count="0"/>
      <line num="229" type="stmt" count="0"/>
      <line num="241" type="method" name="select" crap="6" count="0"/>
      <line num="243" type="stmt" count="0"/>
      <line num="245" type="stmt" count="0"/>
      <line num="246" type="stmt" count="0"/>
      <line num="247" type="stmt" count="0"/>
      <line num="249" type="stmt" count="0"/>
      <line num="250" type="stmt" count="0"/>
      <line num="252" type="stmt" count="0"/>
      <line num="260" type="method" name="close" crap="2" count="0"/>
      <line num="262" type="stmt" count="0"/>
      <line num="271" type="method" name="set_table_prefix" crap="2" count="0"/>
      <line num="273" type="stmt" count="0"/>
      <line num="274" type="stmt" count="0"/>
      <line num="286" type="method" name="quick_select" crap="2" count="0"/>
      <line num="288" type="stmt" count="0"/>
      <line num="289" type="stmt" count="0"/>
      <line num="301" type="method" name="quick_insert" crap="2" count="0"/>
      <line num="303" type="stmt" count="0"/>
      <line num="304" type="stmt" count="0"/>
      <line num="316" type="method" name="quick_update" crap="2" count="0"/>
      <line num="318" type="stmt" count="0"/>
      <line num="319" type="stmt" count="0"/>
      <line num="326" type="method" name="build_select" crap="2" count="0"/>
      <line num="328" type="stmt" count="0"/>
      <line num="338" type="method" name="build_where" crap="1" count="11"/>
      <line num="340" type="stmt" count="11"/>
      <line num="351" type="method" name="build_update" crap="1" count="7"/>
      <line num="353" type="stmt" count="7"/>
      <line num="362" type="method" name="write_debug" crap="12" count="0"/>
      <line num="364" type="stmt" count="0"/>
      <line num="365" type="stmt" count="0"/>
      <line num="366" type="stmt" count="0"/>
      <line num="369" type="stmt" count="0"/>
      <line num="372" type="stmt" count="0"/>
      <line num="373" type="stmt" count="0"/>
      <line num="374" type="stmt" count="0"/>
      <line num="375" type="stmt" count="0"/>
      <line num="376" type="stmt" count="0"/>
      <line num="377" type="stmt" count="0"/>
      <line num="378" type="stmt" count="0"/>
      <line num="379" type="stmt" count="0"/>
      <line num="380" type="stmt" count="0"/>
      <line num="382" type="stmt" count="0"/>
      <line num="383" type="stmt" count="0"/>
      <line num="395" type="method" name="get_results" crap="3.04" count="11"/>
      <line num="397" type="stmt" count="11"/>
      <line num="399" type="stmt" count="11"/>
      <line num="401" type="stmt" count="11"/>
      <line num="403" type="stmt" count="11"/>
      <line num="404" type="stmt" count="11"/>
      <line num="405" type="stmt" count="11"/>
      <line num="406" type="stmt" count="11"/>
      <line num="409" type="stmt" count="11"/>
      <line num="410" type="stmt" count="11"/>
      <line num="411" type="stmt" count="0"/>
      <line num="412" type="stmt" count="0"/>
      <line num="414" type="stmt" count="11"/>
      <line num="425" type="method" name="get_row" crap="3.05" count="5"/>
      <line num="427" type="stmt" count="5"/>
      <line num="429" type="stmt" count="5"/>
      <line num="431" type="stmt" count="5"/>
      <line num="433" type="stmt" count="5"/>
      <line num="434" type="stmt" count="5"/>
      <line num="435" type="stmt" count="5"/>
      <line num="438" type="stmt" count="5"/>
      <line num="439" type="stmt" count="5"/>
      <line num="440" type="stmt" count="0"/>
      <line num="441" type="stmt" count="0"/>
      <line num="443" type="stmt" count="5"/>
      <line num="452" type="method" name="query" crap="2.02" count="9"/>
      <line num="454" type="stmt" count="9"/>
      <line num="456" type="stmt" count="9"/>
      <line num="458" type="stmt" count="9"/>
      <line num="459" type="stmt" count="9"/>
      <line num="460" type="stmt" count="9"/>
      <line num="461" type="stmt" count="9"/>
      <line num="462" type="stmt" count="9"/>
      <line num="465" type="stmt" count="9"/>
      <line num="466" type="stmt" count="9"/>
      <line num="467" type="stmt" count="0"/>
      <line num="468" type="stmt" count="0"/>
      <line num="470" type="stmt" count="9"/>
      <line num="476" type="method" name="get_cols" crap="2" count="0"/>
      <line num="478" type="stmt" count="0"/>
      <line num="488" type="method" name="get_col_info" crap="2" count="0"/>
      <line num="490" type="stmt" count="0"/>
      <line num="500" type="method" name="get_col" crap="2" count="0"/>
      <line num="502" type="stmt" count="0"/>
      <line num="505" type="method" name="get_var" crap="2" count="0"/>
      <line num="507" type="stmt" count="0"/>
      <line num="510" type="method" name="num_rows" crap="2" count="0"/>
      <line num="512" type="stmt" count="0"/>
      <line num="515" type="method" name="vardump" crap="2" count="0"/>
      <line num="517" type="stmt" count="0"/>
      <line num="520" type="method" name="dumpvar" crap="2" count="0"/>
      <line num="522" type="stmt" count="0"/>
      <line num="525" type="method" name="get_cache" crap="2" count="0"/>
      <line num="527" type="stmt" count="0"/>
      <line num="530" type="method" name="store_cache" crap="2" count="0"/>
      <line num="532" type="stmt" count="0"/>
      <line num="540" type="method" name="error" crap="1" count="5"/>
      <line num="542" type="stmt" count="5"/>
      <line num="550" type="method" name="errno" crap="1" count="9"/>
      <line num="552" type="stmt" count="9"/>
      <line num="560" type="method" name="get_all_errors" crap="2" count="0"/>
      <line num="562" type="stmt" count="0"/>
      <line num="565" type="method" name="flush" crap="2" count="0"/>
      <line num="567" type="stmt" count="0"/>
      <line num="569" type="method" name="show_errors" crap="2" count="0"/>
      <line num="571" type="stmt" count="0"/>
      <line num="574" type="method" name="hide_errors" crap="2" count="0"/>
      <line num="576" type="stmt" count="0"/>
      <line num="579" type="method" name="escape" crap="1" count="7"/>
      <line num="581" type="stmt" count="7"/>
      <line num="584" type="method" name="debug" crap="6" count="0"/>
      <line num="586" type="stmt" count="0"/>
      <line num="587" type="stmt" count="0"/>
      <line num="588" type="stmt" count="0"/>
      <metrics loc="588" ncloc="367" classes="1" methods="45" coveredmethods="8" conditionals="0" coveredconditionals="0" statements="140" coveredstatements="34" elements="185" coveredelements="42"/>
    </file>
    <file name="/var/projects/phpvms/app/core/classes/ezdb/ezdb_base.class.php">
      <class name="ezDB_Error" namespace="global" fullPackage="ezDB">
        <metrics methods="2" coveredmethods="0" conditionals="0" coveredconditionals="0" statements="10" coveredstatements="0" elements="12" coveredelements="0"/>
      </class>
      <class name="ezDB_Base" namespace="global" fullPackage="ezDB">
        <metrics methods="23" coveredmethods="7" conditionals="0" coveredconditionals="0" statements="118" coveredstatements="27" elements="141" coveredelements="34"/>
      </class>
      <line num="0" type="stmt" count="12"/>
      <line num="60" type="method" name="__construct" crap="2" count="0"/>
      <line num="62" type="stmt" count="0"/>
      <line num="63" type="stmt" count="0"/>
      <line num="64" type="stmt" count="0"/>
      <line num="65" type="stmt" count="0"/>
      <line num="66" type="stmt" count="0"/>
      <line num="68" type="method" name="__toString" crap="2" count="0"/>
      <line num="70" type="stmt" count="0"/>
      <line num="72" type="stmt" count="0"/>
      <line num="73" type="stmt" count="0"/>
      <line num="74" type="stmt" count="0"/>
      <line num="76" type="stmt" count="0"/>
      <line num="130" type="method" name="__construct" crap="2" count="0"/>
      <line num="133" type="stmt" count="0"/>
      <line num="135" type="method" name="__set" crap="2.06" count="12"/>
      <line num="139" type="stmt" count="12"/>
      <line num="140" type="stmt" count="0"/>
      <line num="141" type="stmt" count="0"/>
      <line num="143" type="stmt" count="12"/>
      <line num="144" type="stmt" count="12"/>
      <line num="145" type="stmt" count="12"/>
      <line num="146" type="stmt" count="12"/>
      <line num="148" type="stmt" count="12"/>
      <line num="150" type="method" name="__get" crap="2.26" count="12"/>
      <line num="152" type="stmt" count="12"/>
      <line num="153" type="stmt" count="12"/>
      <line num="154" type="stmt" count="0"/>
      <line num="155" type="stmt" count="0"/>
      <line num="158" type="stmt" count="12"/>
      <line num="164" type="method" name="clear_errors" crap="1" count="12"/>
      <line num="166" type="stmt" count="12"/>
      <line num="167" type="stmt" count="12"/>
      <line num="168" type="stmt" count="12"/>
      <line num="178" type="method" name="set_table_prefix" crap="2" count="0"/>
      <line num="180" type="stmt" count="0"/>
      <line num="181" type="stmt" count="0"/>
      <line num="191" type="method" name="throw_exceptions" crap="2" count="0"/>
      <line num="193" type="stmt" count="0"/>
      <line num="194" type="stmt" count="0"/>
      <line num="202" type="method" name="set_caching" crap="6" count="0"/>
      <line num="205" type="stmt" count="0"/>
      <line num="206" type="stmt" count="0"/>
      <line num="207" type="stmt" count="0"/>
      <line num="208" type="stmt" count="0"/>
      <line num="209" type="stmt" count="0"/>
      <line num="212" type="stmt" count="0"/>
      <line num="213" type="stmt" count="0"/>
      <line num="215" type="stmt" count="0"/>
      <line num="224" type="method" name="set_cache_type" crap="42" count="0"/>
      <line num="226" type="stmt" count="0"/>
      <line num="227" type="stmt" count="0"/>
      <line num="228" type="stmt" count="0"/>
      <line num="230" type="stmt" count="0"/>
      <line num="231" type="stmt" count="0"/>
      <line num="233" type="stmt" count="0"/>
      <line num="235" type="stmt" count="0"/>
      <line num="237" type="stmt" count="0"/>
      <line num="238" type="stmt" count="0"/>
      <line num="239" type="stmt" count="0"/>
      <line num="241" type="stmt" count="0"/>
      <line num="242" type="stmt" count="0"/>
      <line num="244" type="stmt" count="0"/>
      <line num="246" type="stmt" count="0"/>
      <line num="250" type="stmt" count="0"/>
      <line num="253" type="stmt" count="0"/>
      <line num="264" type="method" name="set_cache_dir" crap="2" count="0"/>
      <line num="266" type="stmt" count="0"/>
      <line num="267" type="stmt" count="0"/>
      <line num="269" type="method" name="set_cache_timeout" crap="2" count="0"/>
      <line num="271" type="stmt" count="0"/>
      <line num="272" type="stmt" count="0"/>
      <line num="283" type="method" name="register_error" crap="2" count="0"/>
      <line num="286" type="stmt" count="0"/>
      <line num="287" type="stmt" count="0"/>
      <line num="290" type="stmt" count="0"/>
      <line num="291" type="stmt" count="0"/>
      <line num="292" type="stmt" count="0"/>
      <line num="293" type="stmt" count="0"/>
      <line num="297" type="stmt" count="0"/>
      <line num="306" type="method" name="get_all_errors" crap="2" count="0"/>
      <line num="308" type="stmt" count="0"/>
      <line num="318" type="method" name="error" crap="1" count="5"/>
      <line num="320" type="stmt" count="5"/>
      <line num="330" type="method" name="errno" crap="1" count="9"/>
      <line num="332" type="stmt" count="9"/>
      <line num="341" type="method" name="show_errors" crap="2" count="0"/>
      <line num="343" type="stmt" count="0"/>
      <line num="344" type="stmt" count="0"/>
      <line num="355" type="method" name="hide_errors" crap="2" count="0"/>
      <line num="357" type="stmt" count="0"/>
      <line num="358" type="stmt" count="0"/>
      <line num="367" type="method" name="flush" crap="1" count="12"/>
      <line num="370" type="stmt" count="12"/>
      <line num="371" type="stmt" count="12"/>
      <line num="372" type="stmt" count="12"/>
      <line num="373" type="stmt" count="12"/>
      <line num="375" type="stmt" count="12"/>
      <line num="379" type="method" name="num_queries" crap="2" count="0"/>
      <line num="381" type="stmt" count="0"/>
      <line num="393" type="method" name="get_var" crap="30" count="0"/>
      <line num="397" type="stmt" count="0"/>
      <line num="401" type="stmt" count="0"/>
      <line num="402" type="stmt" count="0"/>
      <line num="403" type="stmt" count="0"/>
      <line num="406" type="stmt" count="0"/>
      <line num="407" type="stmt" count="0"/>
      <line num="408" type="stmt" count="0"/>
      <line num="409" type="stmt" count="0"/>
      <line num="412" type="stmt" count="0"/>
      <line num="426" type="method" name="get_row" crap="15.38" count="5"/>
      <line num="428" type="stmt" count="5"/>
      <line num="431" type="stmt" count="5"/>
      <line num="435" type="stmt" count="5"/>
      <line num="436" type="stmt" count="5"/>
      <line num="437" type="stmt" count="5"/>
      <line num="440" type="stmt" count="5"/>
      <line num="441" type="stmt" count="5"/>
      <line num="442" type="stmt" count="5"/>
      <line num="445" type="stmt" count="0"/>
      <line num="447" type="stmt" count="0"/>
      <line num="450" type="stmt" count="0"/>
      <line num="452" type="stmt" count="0"/>
      <line num="457" type="stmt" count="0"/>
      <line num="460" type="stmt" count="0"/>
      <line num="472" type="method" name="quote" crap="6" count="0"/>
      <line num="474" type="stmt" count="0"/>
      <line num="475" type="stmt" count="0"/>
      <line num="476" type="stmt" count="0"/>
      <line num="479" type="stmt" count="0"/>
      <line num="495" type="method" name="quick_select" crap="12" count="0"/>
      <line num="497" type="stmt" count="0"/>
      <line num="499" type="stmt" count="0"/>
      <line num="500" type="stmt" count="0"/>
      <line num="501" type="stmt" count="0"/>
      <line num="502" type="stmt" count="0"/>
      <line num="503" type="stmt" count="0"/>
      <line num="504" type="stmt" count="0"/>
      <line num="506" type="stmt" count="0"/>
      <line num="507" type="stmt" count="0"/>
      <line num="509" type="stmt" count="0"/>
      <line num="511" type="stmt" count="0"/>
      <line num="527" type="method" name="quick_insert" crap="30" count="0"/>
      <line num="529" type="stmt" count="0"/>
      <line num="531" type="stmt" count="0"/>
      <line num="533" type="stmt" count="0"/>
      <line num="534" type="stmt" count="0"/>
      <line num="536" type="stmt" count="0"/>
      <line num="537" type="stmt" count="0"/>
      <line num="538" type="stmt" count="0"/>
      <line num="540" type="stmt" count="0"/>
      <line num="541" type="stmt" count="0"/>
      <line num="545" type="stmt" count="0"/>
      <line num="546" type="stmt" count="0"/>
      <line num="549" type="stmt" count="0"/>
      <line num="550" type="stmt" count="0"/>
      <line num="551" type="stmt" count="0"/>
      <line num="554" type="stmt" count="0"/>
      <line num="558" type="stmt" count="0"/>
      <line num="559" type="stmt" count="0"/>
      <line num="561" type="stmt" count="0"/>
      <line num="562" type="stmt" count="0"/>
      <line num="563" type="stmt" count="0"/>
      <line num="566" type="stmt" count="0"/>
      <line num="568" type="stmt" count="0"/>
      <line num="586" type="stmt" count="0"/>
      <line num="588" type="stmt" count="0"/>
      <line num="591" type="stmt" count="0"/>
      <line num="592" type="stmt" count="0"/>
      <line num="594" type="stmt" count="0"/>
      <line num="595" type="stmt" count="0"/>
      <line num="596" type="stmt" count="0"/>
      <line num="597" type="stmt" count="0"/>
      <line num="599" type="stmt" count="0"/>
      <line num="600" type="stmt" count="0"/>
      <line num="602" type="stmt" count="0"/>
      <line num="603" type="stmt" count="0"/>
      <line num="607" type="stmt" count="0"/>
      <line num="609" type="stmt" count="0"/>
      <line num="612" type="stmt" count="0"/>
      <line num="615" type="stmt" count="0"/>
      <line num="617" type="stmt" count="0"/>
      <line num="638" type="stmt" count="0"/>
      <line num="639" type="stmt" count="0"/>
      <line num="641" type="stmt" count="0"/>
      <line num="643" type="stmt" count="0"/>
      <line num="644" type="stmt" count="0"/>
      <line num="645" type="stmt" count="0"/>
      <line num="646" type="stmt" count="0"/>
      <line num="649" type="stmt" count="0"/>
      <line num="652" type="stmt" count="0"/>
      <line num="654" type="stmt" count="0"/>
      <line num="655" type="stmt" count="0"/>
      <line num="656" type="stmt" count="0"/>
      <line num="657" type="stmt" count="0"/>
      <line num="659" type="stmt" count="0"/>
      <line num="660" type="stmt" count="0"/>
      <line num="661" type="stmt" count="0"/>
      <line num="662" type="stmt" count="0"/>
      <line num="664" type="stmt" count="0"/>
      <line num="665" type="stmt" count="0"/>
      <line num="666" type="stmt" count="0"/>
      <line num="667" type="stmt" count="0"/>
      <line num="669" type="stmt" count="0"/>
      <line num="670" type="stmt" count="0"/>
      <line num="671" type="stmt" count="0"/>
      <line num="672" type="stmt" count="0"/>
      <line num="674" type="stmt" count="0"/>
      <line num="679" type="stmt" count="11"/>
      <line num="680" type="stmt" count="11"/>
      <line num="681" type="stmt" count="3"/>
      <line num="685" type="stmt" count="11"/>
      <line num="686" type="stmt" count="11"/>
      <line num="687" type="stmt" count="0"/>
      <line num="688" type="stmt" count="0"/>
      <line num="692" type="stmt" count="11"/>
      <line num="693" type="stmt" count="11"/>
      <line num="694" type="stmt" count="0"/>
      <line num="695" type="stmt" count="0"/>
      <line num="697" type="stmt" count="11"/>
      <line num="699" type="stmt" count="11"/>
      <line num="700" type="stmt" count="11"/>
      <line num="703" type="stmt" count="11"/>
      <line num="704" type="stmt" count="11"/>
      <line num="705" type="stmt" count="0"/>
      <line num="707" type="stmt" count="0"/>
      <line num="708" type="stmt" count="0"/>
      <line num="710" type="stmt" count="0"/>
      <line num="711" type="stmt" count="0"/>
      <line num="712" type="stmt" count="0"/>
      <line num="714" type="stmt" count="0"/>
      <line num="715" type="stmt" count="0"/>
      <line num="716" type="stmt" count="0"/>
      <line num="720" type="stmt" count="11"/>
      <line num="721" type="stmt" count="11"/>
      <line num="722" type="stmt" count="0"/>
      <line num="723" type="stmt" count="0"/>
      <line num="727" type="stmt" count="11"/>
      <line num="728" type="stmt" count="11"/>
      <line num="729" type="stmt" count="0"/>
      <line num="730" type="stmt" count="0"/>
      <line num="731" type="stmt" count="0"/>
      <line num="735" type="stmt" count="11"/>
      <line num="736" type="stmt" count="11"/>
      <line num="737" type="stmt" count="0"/>
      <line num="738" type="stmt" count="0"/>
      <line num="741" type="stmt" count="11"/>
      <line num="742" type="stmt" count="11"/>
      <line num="744" type="stmt" count="11"/>
      <line num="746" type="stmt" count="11"/>
      <line num="747" type="stmt" count="11"/>
      <line num="749" type="stmt" count="11"/>
      <line num="754" type="stmt" count="7"/>
      <line num="755" type="stmt" count="7"/>
      <line num="756" type="stmt" count="0"/>
      <line num="759" type="stmt" count="7"/>
      <line num="760" type="stmt" count="7"/>
      <line num="762" type="stmt" count="7"/>
      <line num="765" type="stmt" count="7"/>
      <line num="766" type="stmt" count="7"/>
      <line num="767" type="stmt" count="0"/>
      <line num="768" type="stmt" count="0"/>
      <line num="771" type="stmt" count="7"/>
      <line num="773" type="stmt" count="7"/>
      <line num="774" type="stmt" count="7"/>
      <line num="775" type="stmt" count="5"/>
      <line num="776" type="stmt" count="5"/>
      <line num="779" type="stmt" count="7"/>
      <line num="780" type="stmt" count="7"/>
      <line num="781" type="stmt" count="3"/>
      <line num="782" type="stmt" count="3"/>
      <line num="785" type="stmt" count="7"/>
      <line num="786" type="stmt" count="7"/>
      <line num="790" type="stmt" count="7"/>
      <line num="791" type="stmt" count="7"/>
      <line num="793" type="stmt" count="7"/>
      <line num="794" type="stmt" count="7"/>
      <line num="796" type="stmt" count="7"/>
      <line num="812" type="stmt" count="0"/>
      <line num="813" type="stmt" count="0"/>
      <line num="814" type="stmt" count="0"/>
      <line num="817" type="stmt" count="0"/>
      <line num="819" type="stmt" count="0"/>
      <line num="820" type="stmt" count="0"/>
      <line num="822" type="stmt" count="0"/>
      <line num="836" type="stmt" count="11"/>
      <line num="839" type="stmt" count="11"/>
      <line num="843" type="stmt" count="11"/>
      <line num="844" type="stmt" count="11"/>
      <line num="845" type="stmt" count="11"/>
      <line num="848" type="stmt" count="11"/>
      <line num="849" type="stmt" count="11"/>
      <line num="850" type="stmt" count="11"/>
      <line num="852" type="stmt" count="0"/>
      <line num="854" type="stmt" count="0"/>
      <line num="855" type="stmt" count="0"/>
      <line num="856" type="stmt" count="0"/>
      <line num="857" type="stmt" count="0"/>
      <line num="859" type="stmt" count="0"/>
      <line num="861" type="stmt" count="0"/>
      <line num="862" type="stmt" count="0"/>
      <line num="863" type="stmt" count="0"/>
      <line num="864" type="stmt" count="0"/>
      <line num="866" type="stmt" count="0"/>
      <line num="867" type="stmt" count="0"/>
      <line num="869" type="stmt" count="0"/>
      <line num="873" type="stmt" count="0"/>
      <line num="876" type="stmt" count="0"/>
      <line num="886" type="stmt" count="0"/>
      <line num="900" type="stmt" count="0"/>
      <line num="901" type="stmt" count="0"/>
      <line num="902" type="stmt" count="0"/>
      <line num="903" type="stmt" count="0"/>
      <line num="904" type="stmt" count="0"/>
      <line num="905" type="stmt" count="0"/>
      <line num="907" type="stmt" count="0"/>
      <line num="908" type="stmt" count="0"/>
      <line num="909" type="stmt" count="0"/>
      <line num="910" type="stmt" count="0"/>
      <line num="914" type="stmt" count="0"/>
      <line num="918" type="stmt" count="0"/>
      <line num="932" type="stmt" count="12"/>
      <line num="933" type="stmt" count="12"/>
      <line num="935" type="stmt" count="0"/>
      <line num="936" type="stmt" count="0"/>
      <line num="937" type="stmt" count="0"/>
      <line num="938" type="stmt" count="0"/>
      <line num="940" type="stmt" count="0"/>
      <line num="941" type="stmt" count="0"/>
      <line num="943" type="stmt" count="0"/>
      <line num="944" type="stmt" count="0"/>
      <line num="946" type="stmt" count="0"/>
      <line num="947" type="stmt" count="0"/>
      <line num="950" type="stmt" count="0"/>
      <line num="952" type="stmt" count="0"/>
      <line num="953" type="stmt" count="0"/>
      <line num="954" type="stmt" count="0"/>
      <line num="955" type="stmt" count="0"/>
      <line num="958" type="stmt" count="0"/>
      <line num="959" type="stmt" count="0"/>
      <line num="961" type="stmt" count="0"/>
      <line num="962" type="stmt" count="0"/>
      <line num="963" type="stmt" count="0"/>
      <line num="964" type="stmt" count="0"/>
      <line num="968" type="stmt" count="0"/>
      <line num="981" type="stmt" count="12"/>
      <line num="982" type="stmt" count="12"/>
      <line num="985" type="stmt" count="0"/>
      <line num="986" type="stmt" count="0"/>
      <line num="988" type="stmt" count="0"/>
      <line num="989" type="stmt" count="0"/>
      <line num="991" type="stmt" count="0"/>
      <line num="992" type="stmt" count="0"/>
      <line num="997" type="stmt" count="0"/>
      <line num="1000" type="stmt" count="0"/>
      <line num="1001" type="stmt" count="0"/>
      <line num="1002" type="stmt" count="0"/>
      <line num="1005" type="stmt" count="0"/>
      <line num="1006" type="stmt" count="0"/>
      <line num="1007" type="stmt" count="0"/>
      <line num="1011" type="stmt" count="0"/>
      <line num="1012" type="stmt" count="0"/>
      <line num="1015" type="stmt" count="0"/>
      <line num="1016" type="stmt" count="0"/>
      <line num="1017" type="stmt" count="0"/>
      <line num="1018" type="stmt" count="0"/>
      <line num="1020" type="stmt" count="0"/>
      <line num="1021" type="stmt" count="0"/>
      <line num="1037" type="stmt" count="0"/>
      <line num="1039" type="stmt" count="0"/>
      <line num="1040" type="stmt" count="0"/>
      <line num="1042" type="stmt" count="0"/>
      <line num="1043" type="stmt" count="0"/>
      <line num="1044" type="stmt" count="0"/>
      <line num="1045" type="stmt" count="0"/>
      <line num="1047" type="stmt" count="0"/>
      <line num="1048" type="stmt" count="0"/>
      <line num="1049" type="stmt" count="0"/>
      <line num="1050" type="stmt" count="0"/>
      <line num="1051" type="stmt" count="0"/>
      <line num="1052" type="stmt" count="0"/>
      <line num="1053" type="stmt" count="0"/>
      <line num="1054" type="stmt" count="0"/>
      <line num="1057" type="stmt" count="0"/>
      <line num="1058" type="stmt" count="0"/>
      <line num="1061" type="stmt" count="0"/>
      <line num="1062" type="stmt" count="0"/>
      <line num="1063" type="stmt" count="0"/>
      <line num="1064" type="stmt" count="0"/>
      <line num="1066" type="stmt" count="0"/>
      <line num="1068" type="stmt" count="0"/>
      <line num="1082" type="stmt" count="0"/>
      <line num="1083" type="stmt" count="0"/>
      <line num="1098" type="stmt" count="0"/>
      <line num="1100" type="stmt" count="0"/>
      <line num="1103" type="stmt" count="0"/>
      <line num="1104" type="stmt" count="0"/>
      <line num="1105" type="stmt" count="0"/>
      <line num="1106" type="stmt" count="0"/>
      <line num="1108" type="stmt" count="0"/>
      <line num="1109" type="stmt" count="0"/>
      <line num="1110" type="stmt" count="0"/>
      <line num="1111" type="stmt" count="0"/>
      <line num="1113" type="stmt" count="0"/>
      <line num="1114" type="stmt" count="0"/>
      <line num="1115" type="stmt" count="0"/>
      <line num="1116" type="stmt" count="0"/>
      <line num="1118" type="stmt" count="0"/>
      <line num="1119" type="stmt" count="0"/>
      <line num="1121" type="stmt" count="0"/>
      <line num="1122" type="stmt" count="0"/>
      <line num="1124" type="stmt" count="0"/>
      <line num="1125" type="stmt" count="0"/>
      <line num="1130" type="stmt" count="0"/>
      <line num="1131" type="stmt" count="0"/>
      <line num="1134" type="stmt" count="0"/>
      <line num="1136" type="stmt" count="0"/>
      <line num="1137" type="stmt" count="0"/>
[...]
      <line num="277" type="stmt" count="0"/>
      <line num="278" type="stmt" count="0"/>
      <line num="279" type="stmt" count="0"/>
      <line num="280" type="stmt" count="0"/>
      <line num="282" type="stmt" count="0"/>
      <line num="283" type="stmt" count="0"/>
      <line num="284" type="stmt" count="0"/>
      <metrics loc="285" ncloc="238" classes="1" methods="13" coveredmethods="0" conditionals="0" coveredconditionals="0" statements="159" coveredstatements="0" elements="172" coveredelements="0"/>
    </file>
    <file name="/var/projects/phpvms/app/core/modules/XML/XML.php">
      <class name="XML" namespace="global">
        <metrics methods="5" coveredmethods="0" conditionals="0" coveredconditionals="0" statements="99" coveredstatements="0" elements="104" coveredelements="0"/>
      </class>
      <line num="25" type="method" name="acarsdata" crap="12" count="0"/>
      <line num="27" type="stmt" count="0"/>
      <line num="29" type="stmt" count="0"/>
      <line num="31" type="stmt" count="0"/>
      <line num="33" type="stmt" count="0"/>
      <line num="35" type="stmt" count="0"/>
      <line num="36" type="stmt" count="0"/>
      <line num="38" type="stmt" count="0"/>
      <line num="40" type="stmt" count="0"/>
      <line num="41" type="stmt" count="0"/>
      <line num="42" type="stmt" count="0"/>
      <line num="44" type="stmt" count="0"/>
      <line num="45" type="stmt" count="0"/>
      <line num="46" type="stmt" count="0"/>
      <line num="47" type="stmt" count="0"/>
      <line num="48" type="stmt" count="0"/>
      <line num="49" type="stmt" count="0"/>
      <line num="50" type="stmt" count="0"/>
      <line num="51" type="stmt" count="0"/>
      <line num="52" type="stmt" count="0"/>
      <line num="53" type="stmt" count="0"/>
      <line num="54" type="stmt" count="0"/>
      <line num="55" type="stmt" count="0"/>
      <line num="56" type="stmt" count="0"/>
      <line num="58" type="stmt" count="0"/>
      <line num="59" type="stmt" count="0"/>
      <line num="60" type="stmt" count="0"/>
      <line num="62" type="method" name="version" crap="2" count="0"/>
      <line num="64" type="stmt" count="0"/>
      <line num="65" type="stmt" count="0"/>
      <line num="67" type="stmt" count="0"/>
      <line num="68" type="stmt" count="0"/>
      <line num="69" type="stmt" count="0"/>
      <line num="71" type="method" name="getairlines" crap="6" count="0"/>
      <line num="73" type="stmt" count="0"/>
      <line num="75" type="stmt" count="0"/>
      <line num="77" type="stmt" count="0"/>
      <line num="79" type="stmt" count="0"/>
      <line num="80" type="stmt" count="0"/>
      <line num="81" type="stmt" count="0"/>
      <line num="82" type="stmt" count="0"/>
      <line num="83" type="stmt" count="0"/>
      <line num="85" type="stmt" count="0"/>
      <line num="86" type="stmt" count="0"/>
      <line num="87" type="stmt" count="0"/>
      <line num="92" type="method" name="flightinfo" crap="12" count="0"/>
      <line num="94" type="stmt" count="0"/>
      <line num="95" type="stmt" count="0"/>
      <line num="97" type="stmt" count="0"/>
      <line num="98" type="stmt" count="0"/>
      <line num="99" type="stmt" count="0"/>
      <line num="101" type="stmt" count="0"/>
      <line num="102" type="stmt" count="0"/>
      <line num="104" type="stmt" count="0"/>
      <line num="105" type="stmt" count="0"/>
      <line num="107" type="stmt" count="0"/>
      <line num="108" type="stmt" count="0"/>
      <line num="110" type="stmt" count="0"/>
      <line num="111" type="stmt" count="0"/>
      <line num="112" type="stmt" count="0"/>
      <line num="113" type="stmt" count="0"/>
      <line num="114" type="stmt" count="0"/>
      <line num="116" type="stmt" count="0"/>
      <line num="117" type="stmt" count="0"/>
      <line num="118" type="stmt" count="0"/>
      <line num="119" type="stmt" count="0"/>
      <line num="120" type="stmt" count="0"/>
      <line num="122" type="stmt" count="0"/>
      <line num="123" type="stmt" count="0"/>
      <line num="124" type="stmt" count="0"/>
      <line num="126" type="method" name="routeinfo" crap="56" count="0"/>
      <line num="128" type="stmt" count="0"/>
      <line num="130" type="stmt" count="0"/>
      <line num="131" type="stmt" count="0"/>
      <line num="133" type="stmt" count="0"/>
      <line num="134" type="stmt" count="0"/>
      <line num="136" type="stmt" count="0"/>
      <line num="137" type="stmt" count="0"/>
      <line num="139" type="stmt" count="0"/>
      <line num="140" type="stmt" count="0"/>
      <line num="141" type="stmt" count="0"/>
      <line num="142" type="stmt" count="0"/>
      <line num="143" type="stmt" count="0"/>
      <line num="145" type="stmt" count="0"/>
      <line num="146" type="stmt" count="0"/>
      <line num="147" type="stmt" count="0"/>
      <line num="148" type="stmt" count="0"/>
      <line num="149" type="stmt" count="0"/>
      <line num="152" type="stmt" count="0"/>
      <line num="154" type="stmt" count="0"/>
      <line num="155" type="stmt" count="0"/>
      <line num="156" type="stmt" count="0"/>
      <line num="157" type="stmt" count="0"/>
      <line num="158" type="stmt" count="0"/>
      <line num="159" type="stmt" count="0"/>
      <line num="161" type="stmt" count="0"/>
      <line num="162" type="stmt" count="0"/>
      <line num="163" type="stmt" count="0"/>
      <line num="164" type="stmt" count="0"/>
      <line num="165" type="stmt" count="0"/>
      <line num="166" type="stmt" count="0"/>
      <line num="168" type="stmt" count="0"/>
      <line num="169" type="stmt" count="0"/>
      <line num="170" type="stmt" count="0"/>
      <metrics loc="170" ncloc="138" classes="1" methods="5" coveredmethods="0" conditionals="0" coveredconditionals="0" statements="99" coveredstatements="0" elements="104" coveredelements="0"/>
    </file>
    <file name="/var/projects/phpvms/app/core/modules/kACARS_Free/kACARS_Free.php">
      <class name="kACARS_Free" namespace="global" fullPackage="kACARS">
        <metrics methods="4" coveredmethods="0" conditionals="0" coveredconditionals="0" statements="240" coveredstatements="0" elements="244" coveredelements="0"/>
      </class>
      <line num="24" type="method" name="index" crap="506" count="0"/>
      <line num="26" type="stmt" count="0"/>
      <line num="27" type="stmt" count="0"/>
      <line num="28" type="stmt" count="0"/>
      <line num="29" type="stmt" count="0"/>
      <line num="30" type="stmt" count="0"/>
      <line num="31" type="stmt" count="0"/>
      <line num="33" type="stmt" count="0"/>
      <line num="34" type="stmt" count="0"/>
      <line num="36" type="stmt" count="0"/>
      <line num="37" type="stmt" count="0"/>
      <line num="42" type="stmt" count="0"/>
      <line num="45" type="stmt" count="0"/>
      <line num="46" type="stmt" count="0"/>
      <line num="48" type="stmt" count="0"/>
      <line num="49" type="stmt" count="0"/>
      <line num="52" type="stmt" count="0"/>
      <line num="55" type="stmt" count="0"/>
      <line num="59" type="stmt" count="0"/>
      <line num="61" type="stmt" count="0"/>
      <line num="63" type="stmt" count="0"/>
      <line num="65" type="stmt" count="0"/>
      <line num="66" type="stmt" count="0"/>
      <line num="67" type="stmt" count="0"/>
      <line num="68" type="stmt" count="0"/>
      <line num="70" type="stmt" count="0"/>
      <line num="71" type="stmt" count="0"/>
      <line num="72" type="stmt" count="0"/>
      <line num="73" type="stmt" count="0"/>
      <line num="75" type="stmt" count="0"/>
      <line num="76" type="stmt" count="0"/>
      <line num="77" type="stmt" count="0"/>
      <line num="78" type="stmt" count="0"/>
      <line num="79" type="stmt" count="0"/>
      <line num="80" type="stmt" count="0"/>
      <line num="81" type="stmt" count="0"/>
      <line num="82" type="stmt" count="0"/>
      <line num="83" type="stmt" count="0"/>
      <line num="84" type="stmt" count="0"/>
      <line num="85" type="stmt" count="0"/>
      <line num="86" type="stmt" count="0"/>
      <line num="87" type="stmt" count="0"/>
      <line num="88" type="stmt" count="0"/>
      <line num="89" type="stmt" count="0"/>
      <line num="90" type="stmt" count="0"/>
      <line num="91" type="stmt" count="0"/>
      <line num="92" type="stmt" count="0"/>
      <line num="93" type="stmt" count="0"/>
      <line num="94" type="stmt" count="0"/>
      <line num="95" type="stmt" count="0"/>
      <line num="99" type="stmt" count="0"/>
      <line num="101" type="stmt" count="0"/>
      <line num="104" type="stmt" count="0"/>
      <line num="107" type="stmt" count="0"/>
      <line num="109" type="stmt" count="0"/>
      <line num="111" type="stmt" count="0"/>
      <line num="113" type="stmt" count="0"/>
      <line num="116" type="stmt" count="0"/>
      <line num="117" type="stmt" count="0"/>
      <line num="118" type="stmt" count="0"/>
      <line num="119" type="stmt" count="0"/>
      <line num="121" type="stmt" count="0"/>
      <line num="122" type="stmt" count="0"/>
      <line num="124" type="stmt" count="0"/>
      <line num="125" type="stmt" count="0"/>
      <line num="127" type="stmt" count="0"/>
      <line num="128" type="stmt" count="0"/>
      <line num="129" type="stmt" count="0"/>
      <line num="130" type="stmt" count="0"/>
      <line num="131" type="stmt" count="0"/>
      <line num="132" type="stmt" count="0"/>
      <line num="133" type="stmt" count="0"/>
      <line num="134" type="stmt" count="0"/>
      <line num="135" type="stmt" count="0"/>
      <line num="136" type="stmt" count="0"/>
      <line num="137" type="stmt" count="0"/>
      <line num="138" type="stmt" count="0"/>
      <line num="139" type="stmt" count="0"/>
      <line num="140" type="stmt" count="0"/>
      <line num="141" type="stmt" count="0"/>
      <line num="142" type="stmt" count="0"/>
      <line num="143" type="stmt" count="0"/>
      <line num="144" type="stmt" count="0"/>
      <line num="145" type="stmt" count="0"/>
      <line num="146" type="stmt" count="0"/>
      <line num="147" type="stmt" count="0"/>
      <line num="150" type="stmt" count="0"/>
      <line num="153" type="stmt" count="0"/>
      <line num="154" type="stmt" count="0"/>
      <line num="156" type="stmt" count="0"/>
      <line num="158" type="stmt" count="0"/>
      <line num="159" type="stmt" count="0"/>
      <line num="160" type="stmt" count="0"/>
      <line num="163" type="stmt" count="0"/>
      <line num="164" type="stmt" count="0"/>
      <line num="165" type="stmt" count="0"/>
      <line num="166" type="stmt" count="0"/>
      <line num="169" type="stmt" count="0"/>
      <line num="170" type="stmt" count="0"/>
      <line num="171" type="stmt" count="0"/>
      <line num="172" type="stmt" count="0"/>
      <line num="173" type="stmt" count="0"/>
      <line num="176" type="stmt" count="0"/>
      <line num="180" type="stmt" count="0"/>
      <line num="181" type="stmt" count="0"/>
      <line num="182" type="stmt" count="0"/>
      <line num="183" type="stmt" count="0"/>
      <line num="184" type="stmt" count="0"/>
      <line num="185" type="stmt" count="0"/>
      <line num="186" type="stmt" count="0"/>
      <line num="187" type="stmt" count="0"/>
      <line num="188" type="stmt" count="0"/>
      <line num="189" type="stmt" count="0"/>
      <line num="190" type="stmt" count="0"/>
      <line num="191" type="stmt" count="0"/>
      <line num="192" type="stmt" count="0"/>
      <line num="193" type="stmt" count="0"/>
      <line num="194" type="stmt" count="0"/>
      <line num="195" type="stmt" count="0"/>
      <line num="196" type="stmt" count="0"/>
      <line num="197" type="stmt" count="0"/>
      <line num="198" type="stmt" count="0"/>
      <line num="199" type="stmt" count="0"/>
      <line num="202" type="stmt" count="0"/>
      <line num="204" type="stmt" count="0"/>
      <line num="206" type="stmt" count="0"/>
      <line num="208" type="stmt" count="0"/>
      <line num="209" type="stmt" count="0"/>
      <line num="210" type="stmt" count="0"/>
      <line num="212" type="stmt" count="0"/>
      <line num="217" type="stmt" count="0"/>
      <line num="218" type="stmt" count="0"/>
      <line num="219" type="stmt" count="0"/>
      <line num="220" type="stmt" count="0"/>
      <line num="222" type="stmt" count="0"/>
      <line num="223" type="stmt" count="0"/>
      <line num="224" type="stmt" count="0"/>
      <line num="225" type="stmt" count="0"/>
      <line num="228" type="stmt" count="0"/>
      <line num="229" type="stmt" count="0"/>
      <line num="233" type="stmt" count="0"/>
      <line num="234" type="stmt" count="0"/>
      <line num="235" type="stmt" count="0"/>
      <line num="238" type="stmt" count="0"/>
      <line num="239" type="stmt" count="0"/>
      <line num="240" type="stmt" count="0"/>
      <line num="242" type="stmt" count="0"/>
      <line num="243" type="stmt" count="0"/>
      <line num="245" type="stmt" count="0"/>
      <line num="247" type="stmt" count="0"/>
      <line num="248" type="stmt" count="0"/>
      <line num="250" type="stmt" count="0"/>
      <line num="252" type="stmt" count="0"/>
      <line num="253" type="stmt" count="0"/>
      <line num="256" type="stmt" count="0"/>
      <line num="257" type="stmt" count="0"/>
      <line num="258" type="stmt" count="0"/>
      <line num="259" type="stmt" count="0"/>
      <line num="260" type="stmt" count="0"/>
      <line num="261" type="stmt" count="0"/>
      <line num="262" type="stmt" count="0"/>
      <line num="263" type="stmt" count="0"/>
      <line num="264" type="stmt" count="0"/>
      <line num="265" type="stmt" count="0"/>
      <line num="266" type="stmt" count="0"/>
      <line num="267" type="stmt" count="0"/>
      <line num="268" type="stmt" count="0"/>
      <line num="269" type="stmt" count="0"/>
      <line num="270" type="stmt" count="0"/>
      <line num="271" type="stmt" count="0"/>
      <line num="272" type="stmt" count="0"/>
      <line num="275" type="stmt" count="0"/>
      <line num="278" type="stmt" count="0"/>
      <line num="280" type="stmt" count="0"/>
      <line num="281" type="stmt" count="0"/>
      <line num="285" type="stmt" count="0"/>
      <line num="288" type="stmt" count="0"/>
      <line num="290" type="stmt" count="0"/>
      <line num="292" type="stmt" count="0"/>
      <line num="294" type="stmt" count="0"/>
      <line num="295" type="stmt" count="0"/>
      <line num="297" type="stmt" count="0"/>
      <line num="299" type="stmt" count="0"/>
      <line num="303" type="stmt" count="0"/>
      <line num="304" type="stmt" count="0"/>
      <line num="305" type="stmt" count="0"/>
      <line num="306" type="stmt" count="0"/>
      <line num="307" type="stmt" count="0"/>
      <line num="308" type="stmt" count="0"/>
      <line num="309" type="stmt" count="0"/>
      <line num="310" type="stmt" count="0"/>
      <line num="311" type="stmt" count="0"/>
      <line num="312" type="stmt" count="0"/>
      <line num="314" type="stmt" count="0"/>
      <line num="315" type="stmt" count="0"/>
      <line num="319" type="stmt" count="0"/>
      <line num="320" type="stmt" count="0"/>
      <line num="322" type="method" name="ConvertMinutes2Hours" crap="30" count="0"/>
      <line num="324" type="stmt" count="0"/>
      <line num="325" type="stmt" count="0"/>
      <line num="326" type="stmt" count="0"/>
      <line num="327" type="stmt" count="0"/>
      <line num="330" type="stmt" count="0"/>
      <line num="332" type="stmt" count="0"/>
      <line num="333" type="stmt" count="0"/>
      <line num="334" type="stmt" count="0"/>
      <line num="335" type="stmt" count="0"/>
      <line num="336" type="stmt" count="0"/>
      <line num="337" type="stmt" count="0"/>
      <line num="338" type="stmt" count="0"/>
      <line num="339" type="stmt" count="0"/>
      <line num="340" type="stmt" count="0"/>
      <line num="341" type="stmt" count="0"/>
      <line num="342" type="stmt" count="0"/>
      <line num="343" type="stmt" count="0"/>
      <line num="344" type="stmt" count="0"/>
      <line num="345" type="stmt" count="0"/>
      <line num="346" type="stmt" count="0"/>
      <line num="347" type="stmt" count="0"/>
      <line num="348" type="stmt" count="0"/>
      <line num="349" type="stmt" count="0"/>
      <line num="350" type="stmt" count="0"/>
      <line num="351" type="stmt" count="0"/>
      <line num="354" type="method" name="sendXML" crap="6" count="0"/>
      <line num="356" type="stmt" count="0"/>
      <line num="358" type="stmt" count="0"/>
      <line num="359" type="stmt" count="0"/>
      <line num="361" type="stmt" count="0"/>
      <line num="362" type="stmt" count="0"/>
      <line num="364" type="stmt" count="0"/>
      <line num="365" type="stmt" count="0"/>
      <line num="366" type="stmt" count="0"/>
      <line num="371" type="stmt" count="0"/>
      <line num="374" type="method" name="getAllAircraft" crap="6" count="0"/>
      <line num="376" type="stmt" count="0"/>
      <line num="378" type="stmt" count="0"/>
      <line num="380" type="stmt" count="0"/>
      <line num="382" type="stmt" count="0"/>
      <line num="384" type="stmt" count="0"/>
      <line num="385" type="stmt" count="0"/>
      <line num="386" type="stmt" count="0"/>
      <line num="391" type="stmt" count="0"/>
      <line num="392" type="stmt" count="0"/>
      <line num="393" type="stmt" count="0"/>
      <metrics loc="393" ncloc="328" classes="1" methods="4" coveredmethods="0" conditionals="0" coveredconditionals="0" statements="240" coveredstatements="0" elements="244" coveredelements="0"/>
    </file>
    <file name="/var/projects/phpvms/app/core/modules/news/news.php">
      <class name="News" namespace="global">
        <metrics methods="2" coveredmethods="0" conditionals="0" coveredconditionals="0" statements="15" coveredstatements="0" elements="17" coveredelements="0"/>
      </class>
      <line num="21" type="method" name="index" crap="2" count="0"/>
      <line num="23" type="stmt" count="0"/>
      <line num="24" type="stmt" count="0"/>
      <line num="27" type="method" name="ShowNewsFront" crap="12" count="0"/>
      <line num="30" type="stmt" count="0"/>
      <line num="32" type="stmt" count="0"/>
      <line num="34" type="stmt" count="0"/>
      <line num="36" type="stmt" count="0"/>
      <line num="37" type="stmt" count="0"/>
      <line num="39" type="stmt" count="0"/>
      <line num="42" type="stmt" count="0"/>
      <line num="43" type="stmt" count="0"/>
      <line num="44" type="stmt" count="0"/>
      <line num="45" type="stmt" count="0"/>
      <line num="47" type="stmt" count="0"/>
      <line num="48" type="stmt" count="0"/>
      <line num="49" type="stmt" count="0"/>
      <metrics loc="49" ncloc="29" classes="1" methods="2" coveredmethods="0" conditionals="0" coveredconditionals="0" statements="15" coveredstatements="0" elements="17" coveredelements="0"/>
    </file>
    <file name="/var/projects/phpvms/app/core/modules/test/test.php">
      <class name="test" namespace="global">
        <metrics methods="1" coveredmethods="0" conditionals="0" coveredconditionals="0" statements="1" coveredstatements="0" elements="2" coveredelements="0"/>
      </class>
      <line num="6" type="method" name="hey" crap="2" count="0"/>
      <line num="9" type="stmt" count="0"/>
      <line num="11" type="stmt" count="0"/>
      <metrics loc="12" ncloc="12" classes="1" methods="1" coveredmethods="0" conditionals="0" coveredconditionals="0" statements="2" coveredstatements="0" elements="3" coveredelements="0"/>
    </file>
    <metrics files="55" loc="15779" ncloc="11065" classes="54" methods="355" coveredmethods="48" conditionals="0" coveredconditionals="0" statements="6385" coveredstatements="1037" elements="6740" coveredelements="1085"/>
  </project>
</coverage>
